2025-05-20 23:29:47.160 +05:30 [INF] [Microsoft.Hosting.Lifetime] Now listening on: https://localhost:62376
2025-05-20 23:29:47.283 +05:30 [INF] [Microsoft.Hosting.Lifetime] Now listening on: http://localhost:62377
2025-05-20 23:29:47.300 +05:30 [INF] [Microsoft.Hosting.Lifetime] Application started. Press Ctrl+C to shut down.
2025-05-20 23:29:47.311 +05:30 [INF] [Microsoft.Hosting.Lifetime] Hosting environment: Development
2025-05-20 23:29:47.317 +05:30 [INF] [Microsoft.Hosting.Lifetime] Content root path: D:\Projects\Core\StudentManagement\CodeBase\backend\src\StudentManagement.API
2025-05-20 23:30:00.672 +05:30 [INF] [Serilog.AspNetCore.RequestLoggingMiddleware] HTTP GET / responded 404 in 711.3326 ms
2025-05-20 23:30:00.936 +05:30 [INF] [Serilog.AspNetCore.RequestLoggingMiddleware] HTTP GET /favicon.ico responded 404 in 6.4642 ms
2025-05-20 23:34:39.479 +05:30 [INF] [Serilog.AspNetCore.RequestLoggingMiddleware] HTTP GET /swagger/ responded 301 in 2.6195 ms
2025-05-20 23:34:39.777 +05:30 [INF] [Serilog.AspNetCore.RequestLoggingMiddleware] HTTP GET /swagger/index.html responded 200 in 254.8645 ms
2025-05-20 23:34:39.926 +05:30 [INF] [Serilog.AspNetCore.RequestLoggingMiddleware] HTTP GET /swagger/swagger-ui.css responded 200 in 88.1063 ms
2025-05-20 23:34:39.933 +05:30 [INF] [Serilog.AspNetCore.RequestLoggingMiddleware] HTTP GET /swagger/swagger-ui-standalone-preset.js responded 200 in 93.5409 ms
2025-05-20 23:34:39.966 +05:30 [INF] [Serilog.AspNetCore.RequestLoggingMiddleware] HTTP GET /swagger/swagger-ui-bundle.js responded 200 in 126.5994 ms
2025-05-20 23:34:40.176 +05:30 [INF] [Serilog.AspNetCore.RequestLoggingMiddleware] HTTP GET /swagger/favicon-16x16.png responded 200 in 0.6310 ms
2025-05-20 23:34:40.741 +05:30 [INF] [Serilog.AspNetCore.RequestLoggingMiddleware] HTTP GET /swagger/v1/swagger.json responded 200 in 445.9446 ms
2025-05-20 23:54:22.848 +05:30 [INF] [Microsoft.Hosting.Lifetime] Now listening on: https://localhost:62376
2025-05-20 23:54:22.933 +05:30 [INF] [Microsoft.Hosting.Lifetime] Now listening on: http://localhost:62377
2025-05-20 23:54:22.940 +05:30 [INF] [Microsoft.Hosting.Lifetime] Application started. Press Ctrl+C to shut down.
2025-05-20 23:54:22.942 +05:30 [INF] [Microsoft.Hosting.Lifetime] Hosting environment: Development
2025-05-20 23:54:22.944 +05:30 [INF] [Microsoft.Hosting.Lifetime] Content root path: D:\Projects\Core\StudentManagement\CodeBase\backend\src\StudentManagement.API
2025-05-20 23:54:24.342 +05:30 [INF] [Serilog.AspNetCore.RequestLoggingMiddleware] HTTP GET / responded 404 in 166.5002 ms
2025-05-20 23:54:24.419 +05:30 [INF] [Serilog.AspNetCore.RequestLoggingMiddleware] HTTP GET /favicon.ico responded 404 in 6.3015 ms
2025-05-20 23:59:39.902 +05:30 [INF] [Serilog.AspNetCore.RequestLoggingMiddleware] HTTP OPTIONS /api/auth/login responded 204 in 26.2799 ms
