2025-05-17 17:11:52.566 +05:30 [INF] [Microsoft.Hosting.Lifetime] Now listening on: https://localhost:7145
2025-05-17 17:11:52.625 +05:30 [INF] [Microsoft.Hosting.Lifetime] Now listening on: http://localhost:5145
2025-05-17 17:11:52.629 +05:30 [INF] [Microsoft.Hosting.Lifetime] Application started. Press Ctrl+C to shut down.
2025-05-17 17:11:52.631 +05:30 [INF] [Microsoft.Hosting.Lifetime] Hosting environment: Development
2025-05-17 17:11:52.633 +05:30 [INF] [Microsoft.Hosting.Lifetime] Content root path: D:\Projects\Core\StudentManagement\StudentManagement\src\StudentManagement.API
2025-05-17 17:11:59.820 +05:30 [INF] [Serilog.AspNetCore.RequestLoggingMiddleware] HTTP GET /swagger responded 301 in 26.8863 ms
2025-05-17 17:12:00.054 +05:30 [INF] [Serilog.AspNetCore.RequestLoggingMiddleware] HTTP GET /swagger/index.html responded 200 in 202.4476 ms
2025-05-17 17:12:00.253 +05:30 [INF] [Serilog.AspNetCore.RequestLoggingMiddleware] HTTP GET /swagger/swagger-ui.css responded 200 in 77.1357 ms
2025-05-17 17:12:00.258 +05:30 [INF] [Serilog.AspNetCore.RequestLoggingMiddleware] HTTP GET /swagger/swagger-ui-standalone-preset.js responded 200 in 82.1415 ms
2025-05-17 17:12:00.296 +05:30 [INF] [Serilog.AspNetCore.RequestLoggingMiddleware] HTTP GET /swagger/swagger-ui-bundle.js responded 200 in 119.6411 ms
2025-05-17 17:12:00.737 +05:30 [INF] [Serilog.AspNetCore.RequestLoggingMiddleware] HTTP GET /swagger/favicon-16x16.png responded 200 in 0.5671 ms
2025-05-17 17:12:01.137 +05:30 [INF] [Serilog.AspNetCore.RequestLoggingMiddleware] HTTP GET /swagger/v1/swagger.json responded 200 in 239.5951 ms
2025-05-17 20:24:10.325 +05:30 [INF] [Serilog.AspNetCore.RequestLoggingMiddleware] HTTP OPTIONS /api/auth/login responded 204 in 252.1101 ms
2025-05-17 20:24:19.595 +05:30 [WRN] [Microsoft.EntityFrameworkCore.Model.Validation] Sensitive data logging is enabled. Log entries and exception messages may include sensitive application data; this mode should only be enabled during development.
2025-05-17 20:24:20.921 +05:30 [INF] [Microsoft.EntityFrameworkCore.Database.Command] Executed DbCommand (152ms) [Parameters=[@__loginDetails_UsernameOrEmail_0='ameh.naik@mail.com' (Size = 100), @__loginDetails_UsernameOrEmail_0_1='ameh.naik@mail.com' (Size = 150)], CommandType='"Text"', CommandTimeout='30']
SELECT `u`.`UserId`, `u`.`CreatedAt`, `u`.`DefaultSchoolId`, `u`.`Email`, `u`.`IsActive`, `u`.`IsPasswordChangeRequired`, `u`.`PasswordHash`, `u`.`PasswordSalt`, `u`.`RoleId`, `u`.`UpdatedAt`, `u`.`Username`
FROM `Users` AS `u`
WHERE (`u`.`Username` = @__loginDetails_UsernameOrEmail_0) OR (`u`.`Email` = @__loginDetails_UsernameOrEmail_0_1)
LIMIT 1
2025-05-17 20:24:21.231 +05:30 [INF] [StudentManagement.Application.Services.UserService] User logged in successfully: ameh.naik
2025-05-17 20:24:21.295 +05:30 [INF] [Serilog.AspNetCore.RequestLoggingMiddleware] HTTP POST /api/auth/login responded 200 in 10922.5819 ms
2025-05-17 20:33:05.046 +05:30 [INF] [Serilog.AspNetCore.RequestLoggingMiddleware] HTTP OPTIONS /api/auth/login responded 204 in 13.4670 ms
2025-05-17 20:33:14.865 +05:30 [INF] [Microsoft.EntityFrameworkCore.Database.Command] Executed DbCommand (2ms) [Parameters=[@__loginDetails_UsernameOrEmail_0='ameh.naik@mail.com' (Size = 100), @__loginDetails_UsernameOrEmail_0_1='ameh.naik@mail.com' (Size = 150)], CommandType='"Text"', CommandTimeout='30']
SELECT `u`.`UserId`, `u`.`CreatedAt`, `u`.`DefaultSchoolId`, `u`.`Email`, `u`.`IsActive`, `u`.`IsPasswordChangeRequired`, `u`.`PasswordHash`, `u`.`PasswordSalt`, `u`.`RoleId`, `u`.`UpdatedAt`, `u`.`Username`
FROM `Users` AS `u`
WHERE (`u`.`Username` = @__loginDetails_UsernameOrEmail_0) OR (`u`.`Email` = @__loginDetails_UsernameOrEmail_0_1)
LIMIT 1
2025-05-17 20:33:14.872 +05:30 [INF] [StudentManagement.Application.Services.UserService] User logged in successfully: ameh.naik
2025-05-17 20:33:14.877 +05:30 [INF] [Serilog.AspNetCore.RequestLoggingMiddleware] HTTP POST /api/auth/login responded 200 in 9820.3419 ms
2025-05-17 20:48:22.091 +05:30 [INF] [Serilog.AspNetCore.RequestLoggingMiddleware] HTTP OPTIONS /api/auth/login responded 204 in 0.3053 ms
2025-05-17 20:48:24.634 +05:30 [INF] [Microsoft.EntityFrameworkCore.Database.Command] Executed DbCommand (2ms) [Parameters=[@__loginDetails_UsernameOrEmail_0='ameh.naik@mail.com' (Size = 100), @__loginDetails_UsernameOrEmail_0_1='ameh.naik@mail.com' (Size = 150)], CommandType='"Text"', CommandTimeout='30']
SELECT `u`.`UserId`, `u`.`CreatedAt`, `u`.`DefaultSchoolId`, `u`.`Email`, `u`.`IsActive`, `u`.`IsPasswordChangeRequired`, `u`.`PasswordHash`, `u`.`PasswordSalt`, `u`.`RoleId`, `u`.`UpdatedAt`, `u`.`Username`
FROM `Users` AS `u`
WHERE (`u`.`Username` = @__loginDetails_UsernameOrEmail_0) OR (`u`.`Email` = @__loginDetails_UsernameOrEmail_0_1)
LIMIT 1
2025-05-17 20:48:24.641 +05:30 [INF] [StudentManagement.Application.Services.UserService] User logged in successfully: ameh.naik
2025-05-17 20:48:24.645 +05:30 [INF] [Serilog.AspNetCore.RequestLoggingMiddleware] HTTP POST /api/auth/login responded 200 in 2540.5421 ms
2025-05-17 23:14:18.736 +05:30 [INF] [Serilog.AspNetCore.RequestLoggingMiddleware] HTTP OPTIONS /api/users/me/schools responded 204 in 33.1799 ms
2025-05-17 23:14:18.736 +05:30 [INF] [Serilog.AspNetCore.RequestLoggingMiddleware] HTTP OPTIONS /api/users/me/schools responded 204 in 33.4756 ms
2025-05-17 23:14:18.976 +05:30 [INF] [Serilog.AspNetCore.RequestLoggingMiddleware] HTTP GET /api/users/me/schools responded 404 in 211.7548 ms
2025-05-17 23:14:18.976 +05:30 [INF] [Serilog.AspNetCore.RequestLoggingMiddleware] HTTP GET /api/users/me/schools responded 404 in 211.7548 ms
2025-05-17 23:17:54.767 +05:30 [INF] [Serilog.AspNetCore.RequestLoggingMiddleware] HTTP OPTIONS /api/users/me/schools responded 204 in 0.4058 ms
2025-05-17 23:17:54.767 +05:30 [INF] [Serilog.AspNetCore.RequestLoggingMiddleware] HTTP OPTIONS /api/users/me/schools responded 204 in 0.1388 ms
2025-05-17 23:17:54.821 +05:30 [INF] [Serilog.AspNetCore.RequestLoggingMiddleware] HTTP GET /api/users/me/schools responded 404 in 10.9528 ms
2025-05-17 23:17:54.822 +05:30 [INF] [Serilog.AspNetCore.RequestLoggingMiddleware] HTTP GET /api/users/me/schools responded 404 in 2.0395 ms
2025-05-17 23:21:49.334 +05:30 [INF] [Serilog.AspNetCore.RequestLoggingMiddleware] HTTP OPTIONS /api/users/me/schools responded 204 in 4.9540 ms
2025-05-17 23:21:49.362 +05:30 [INF] [Serilog.AspNetCore.RequestLoggingMiddleware] HTTP GET /api/users/me/schools responded 404 in 8.6318 ms
2025-05-17 23:21:52.958 +05:30 [INF] [Serilog.AspNetCore.RequestLoggingMiddleware] HTTP GET /api/users/me/schools responded 404 in 15.4416 ms
2025-05-17 23:21:52.961 +05:30 [INF] [Serilog.AspNetCore.RequestLoggingMiddleware] HTTP GET /api/users/me/schools responded 404 in 4.2423 ms
2025-05-17 23:22:18.739 +05:30 [INF] [Serilog.AspNetCore.RequestLoggingMiddleware] HTTP OPTIONS /api/users/me/schools responded 204 in 1.1347 ms
2025-05-17 23:22:18.753 +05:30 [INF] [Serilog.AspNetCore.RequestLoggingMiddleware] HTTP OPTIONS /api/users/me/schools responded 204 in 0.2690 ms
2025-05-17 23:22:18.806 +05:30 [INF] [Serilog.AspNetCore.RequestLoggingMiddleware] HTTP GET /api/users/me/schools responded 404 in 13.6542 ms
2025-05-17 23:22:18.806 +05:30 [INF] [Serilog.AspNetCore.RequestLoggingMiddleware] HTTP GET /api/users/me/schools responded 404 in 11.7253 ms
2025-05-17 23:24:35.799 +05:30 [INF] [Serilog.AspNetCore.RequestLoggingMiddleware] HTTP OPTIONS /api/auth/login responded 204 in 2.7114 ms
2025-05-17 23:24:38.990 +05:30 [INF] [Microsoft.EntityFrameworkCore.Database.Command] Executed DbCommand (38ms) [Parameters=[@__loginDetails_UsernameOrEmail_0='ameh.naik@mail.com' (Size = 100), @__loginDetails_UsernameOrEmail_0_1='ameh.naik@mail.com' (Size = 150)], CommandType='"Text"', CommandTimeout='30']
SELECT `u`.`UserId`, `u`.`CreatedAt`, `u`.`DefaultSchoolId`, `u`.`Email`, `u`.`IsActive`, `u`.`IsPasswordChangeRequired`, `u`.`PasswordHash`, `u`.`PasswordSalt`, `u`.`RoleId`, `u`.`UpdatedAt`, `u`.`Username`
FROM `Users` AS `u`
WHERE (`u`.`Username` = @__loginDetails_UsernameOrEmail_0) OR (`u`.`Email` = @__loginDetails_UsernameOrEmail_0_1)
LIMIT 1
2025-05-17 23:24:39.009 +05:30 [INF] [StudentManagement.Application.Services.UserService] User logged in successfully: ameh.naik
2025-05-17 23:24:39.017 +05:30 [INF] [Serilog.AspNetCore.RequestLoggingMiddleware] HTTP POST /api/auth/login responded 200 in 3155.1317 ms
2025-05-17 23:29:17.307 +05:30 [INF] [Serilog.AspNetCore.RequestLoggingMiddleware] HTTP OPTIONS /api/auth/login responded 204 in 0.6357 ms
2025-05-17 23:29:19.692 +05:30 [INF] [Microsoft.EntityFrameworkCore.Database.Command] Executed DbCommand (1ms) [Parameters=[@__loginDetails_UsernameOrEmail_0='ameh.naik@mail.com' (Size = 100), @__loginDetails_UsernameOrEmail_0_1='ameh.naik@mail.com' (Size = 150)], CommandType='"Text"', CommandTimeout='30']
SELECT `u`.`UserId`, `u`.`CreatedAt`, `u`.`DefaultSchoolId`, `u`.`Email`, `u`.`IsActive`, `u`.`IsPasswordChangeRequired`, `u`.`PasswordHash`, `u`.`PasswordSalt`, `u`.`RoleId`, `u`.`UpdatedAt`, `u`.`Username`
FROM `Users` AS `u`
WHERE (`u`.`Username` = @__loginDetails_UsernameOrEmail_0) OR (`u`.`Email` = @__loginDetails_UsernameOrEmail_0_1)
LIMIT 1
2025-05-17 23:29:19.697 +05:30 [INF] [StudentManagement.Application.Services.UserService] User logged in successfully: ameh.naik
2025-05-17 23:29:19.701 +05:30 [INF] [Serilog.AspNetCore.RequestLoggingMiddleware] HTTP POST /api/auth/login responded 200 in 2378.1581 ms
2025-05-17 23:49:26.254 +05:30 [INF] [Serilog.AspNetCore.RequestLoggingMiddleware] HTTP OPTIONS /api/schools responded 204 in 1.3380 ms
2025-05-17 23:49:26.264 +05:30 [INF] [Serilog.AspNetCore.RequestLoggingMiddleware] HTTP OPTIONS /api/schools responded 204 in 11.1791 ms
2025-05-17 23:53:12.279 +05:30 [INF] [StudentManagement.Application.Services.SchoolService] Retrieving all schools.
2025-05-17 23:53:26.303 +05:30 [ERR] [Serilog.AspNetCore.RequestLoggingMiddleware] HTTP GET /api/schools responded 500 in 239699.8811 ms
MySqlConnector.MySqlException (0x80004005): Couldn't connect to server
 ---> System.IO.IOException: Unable to write data to the transport connection: An established connection was aborted by the software in your host machine..
 ---> System.Net.Sockets.SocketException (10053): An established connection was aborted by the software in your host machine.
   at System.Net.Sockets.NetworkStream.Write(ReadOnlySpan`1 buffer)
   --- End of inner exception stack trace ---
   at System.Net.Sockets.NetworkStream.Write(ReadOnlySpan`1 buffer)
   at System.Net.Security.SslStream.WriteSingleChunk[TIOAdapter](ReadOnlyMemory`1 buffer, CancellationToken cancellationToken)
   at System.Net.Security.SslStream.WriteAsyncInternal[TIOAdapter](ReadOnlyMemory`1 buffer, CancellationToken cancellationToken)
   at System.Net.Security.SslStream.Write(Byte[] buffer, Int32 offset, Int32 count)
   at System.IO.Stream.Write(ReadOnlySpan`1 buffer)
   at MySqlConnector.Utilities.Utility.Write(Stream stream, ReadOnlyMemory`1 data) in /_/src/MySqlConnector/Utilities/Utility.cs:line 512
   at MySqlConnector.Protocol.Serialization.StreamByteHandler.WriteBytesAsync(ReadOnlyMemory`1 data, IOBehavior ioBehavior) in /_/src/MySqlConnector/Protocol/Serialization/StreamByteHandler.cs:line 96
--- End of stack trace from previous location ---
   at MySqlConnector.Protocol.Serialization.ProtocolUtility.WritePayloadAsync(IByteHandler byteHandler, Func`1 getNextSequenceNumber, ReadOnlyMemory`1 payload, IOBehavior ioBehavior) in /_/src/MySqlConnector/Protocol/Serialization/ProtocolUtility.cs:line 491
   at MySqlConnector.Core.ServerSession.SendReplyAsync(PayloadData payload, IOBehavior ioBehavior, CancellationToken cancellationToken) in /_/src/MySqlConnector/Core/ServerSession.cs:line 910
   at MySqlConnector.Core.ServerSession.ConnectAsync(ConnectionSettings cs, MySqlConnection connection, Int64 startingTimestamp, ILoadBalancer loadBalancer, Activity activity, IOBehavior ioBehavior, CancellationToken cancellationToken) in /_/src/MySqlConnector/Core/ServerSession.cs:line 531
   at MySqlConnector.Core.ServerSession.ConnectAsync(ConnectionSettings cs, MySqlConnection connection, Int64 startingTimestamp, ILoadBalancer loadBalancer, Activity activity, IOBehavior ioBehavior, CancellationToken cancellationToken) in /_/src/MySqlConnector/Core/ServerSession.cs:line 564
   at MySqlConnector.MySqlConnection.CreateSessionAsync(ConnectionPool pool, Int64 startingTimestamp, Activity activity, Nullable`1 ioBehavior, CancellationToken cancellationToken) in /_/src/MySqlConnector/MySqlConnection.cs:line 932
   at MySqlConnector.MySqlConnection.CreateSessionAsync(ConnectionPool pool, Int64 startingTimestamp, Activity activity, Nullable`1 ioBehavior, CancellationToken cancellationToken) in /_/src/MySqlConnector/MySqlConnection.cs:line 938
   at MySqlConnector.MySqlConnection.OpenAsync(Nullable`1 ioBehavior, CancellationToken cancellationToken) in /_/src/MySqlConnector/MySqlConnection.cs:line 419
   at MySqlConnector.MySqlConnection.Open() in /_/src/MySqlConnector/MySqlConnection.cs:line 381
   at Microsoft.EntityFrameworkCore.ServerVersion.AutoDetect(String connectionString)
   at Program.<>c__DisplayClass0_0.<<Main>$>b__1(DbContextOptionsBuilder options) in D:\Projects\Core\StudentManagement\StudentManagement\src\StudentManagement.API\Program.cs:line 50
   at Microsoft.Extensions.DependencyInjection.EntityFrameworkServiceCollectionExtensions.<>c__DisplayClass1_0`2.<AddDbContext>b__0(IServiceProvider _, DbContextOptionsBuilder b)
   at Microsoft.Extensions.DependencyInjection.EntityFrameworkServiceCollectionExtensions.CreateDbContextOptions[TContext](IServiceProvider applicationServiceProvider, Action`2 optionsAction)
   at Microsoft.Extensions.DependencyInjection.EntityFrameworkServiceCollectionExtensions.<>c__DisplayClass17_0`1.<AddCoreServices>b__0(IServiceProvider p)
   at Microsoft.Extensions.DependencyInjection.ServiceLookup.CallSiteVisitor`2.VisitCallSiteMain(ServiceCallSite callSite, TArgument argument)
   at Microsoft.Extensions.DependencyInjection.ServiceLookup.CallSiteRuntimeResolver.VisitCache(ServiceCallSite callSite, RuntimeResolverContext context, ServiceProviderEngineScope serviceProviderEngine, RuntimeResolverLock lockType)
   at Microsoft.Extensions.DependencyInjection.ServiceLookup.CallSiteRuntimeResolver.VisitScopeCache(ServiceCallSite callSite, RuntimeResolverContext context)
   at Microsoft.Extensions.DependencyInjection.ServiceLookup.CallSiteVisitor`2.VisitCallSite(ServiceCallSite callSite, TArgument argument)
   at Microsoft.Extensions.DependencyInjection.ServiceLookup.CallSiteVisitor`2.VisitCallSiteMain(ServiceCallSite callSite, TArgument argument)
   at Microsoft.Extensions.DependencyInjection.ServiceLookup.CallSiteRuntimeResolver.VisitCache(ServiceCallSite callSite, RuntimeResolverContext context, ServiceProviderEngineScope serviceProviderEngine, RuntimeResolverLock lockType)
   at Microsoft.Extensions.DependencyInjection.ServiceLookup.CallSiteRuntimeResolver.VisitScopeCache(ServiceCallSite callSite, RuntimeResolverContext context)
   at Microsoft.Extensions.DependencyInjection.ServiceLookup.CallSiteVisitor`2.VisitCallSite(ServiceCallSite callSite, TArgument argument)
   at Microsoft.Extensions.DependencyInjection.ServiceLookup.CallSiteVisitor`2.VisitCallSiteMain(ServiceCallSite callSite, TArgument argument)
   at Microsoft.Extensions.DependencyInjection.ServiceLookup.CallSiteRuntimeResolver.VisitCache(ServiceCallSite callSite, RuntimeResolverContext context, ServiceProviderEngineScope serviceProviderEngine, RuntimeResolverLock lockType)
   at Microsoft.Extensions.DependencyInjection.ServiceLookup.CallSiteRuntimeResolver.VisitScopeCache(ServiceCallSite callSite, RuntimeResolverContext context)
   at Microsoft.Extensions.DependencyInjection.ServiceLookup.CallSiteVisitor`2.VisitCallSite(ServiceCallSite callSite, TArgument argument)
   at Microsoft.Extensions.DependencyInjection.ServiceLookup.CallSiteVisitor`2.VisitCallSiteMain(ServiceCallSite callSite, TArgument argument)
   at Microsoft.Extensions.DependencyInjection.ServiceLookup.CallSiteRuntimeResolver.VisitCache(ServiceCallSite callSite, RuntimeResolverContext context, ServiceProviderEngineScope serviceProviderEngine, RuntimeResolverLock lockType)
   at Microsoft.Extensions.DependencyInjection.ServiceLookup.CallSiteRuntimeResolver.VisitScopeCache(ServiceCallSite callSite, RuntimeResolverContext context)
   at Microsoft.Extensions.DependencyInjection.ServiceLookup.CallSiteVisitor`2.VisitCallSite(ServiceCallSite callSite, TArgument argument)
   at Microsoft.Extensions.DependencyInjection.ServiceLookup.CallSiteRuntimeResolver.Resolve(ServiceCallSite callSite, ServiceProviderEngineScope scope)
   at Microsoft.Extensions.DependencyInjection.ServiceLookup.DynamicServiceProviderEngine.<>c__DisplayClass2_0.<RealizeService>b__0(ServiceProviderEngineScope scope)
   at Microsoft.Extensions.DependencyInjection.ServiceLookup.ServiceProviderEngineScope.GetService(Type serviceType)
   at lambda_method109(Closure, IServiceProvider, Object[])
   at Microsoft.AspNetCore.Mvc.Controllers.ControllerFactoryProvider.<>c__DisplayClass6_0.<CreateControllerFactory>g__CreateController|0(ControllerContext controllerContext)
   at Microsoft.AspNetCore.Mvc.Infrastructure.ControllerActionInvoker.Next(State& next, Scope& scope, Object& state, Boolean& isCompleted)
   at Microsoft.AspNetCore.Mvc.Infrastructure.ControllerActionInvoker.InvokeInnerFilterAsync()
--- End of stack trace from previous location ---
   at Microsoft.AspNetCore.Mvc.Infrastructure.ResourceInvoker.<InvokeFilterPipelineAsync>g__Awaited|20_0(ResourceInvoker invoker, Task lastTask, State next, Scope scope, Object state, Boolean isCompleted)
   at Microsoft.AspNetCore.Mvc.Infrastructure.ResourceInvoker.<InvokeAsync>g__Awaited|17_0(ResourceInvoker invoker, Task task, IDisposable scope)
   at Microsoft.AspNetCore.Mvc.Infrastructure.ResourceInvoker.<InvokeAsync>g__Awaited|17_0(ResourceInvoker invoker, Task task, IDisposable scope)
   at Microsoft.AspNetCore.Authorization.AuthorizationMiddleware.Invoke(HttpContext context)
   at Microsoft.AspNetCore.Authentication.AuthenticationMiddleware.Invoke(HttpContext context)
   at Swashbuckle.AspNetCore.SwaggerUI.SwaggerUIMiddleware.Invoke(HttpContext httpContext)
   at Swashbuckle.AspNetCore.Swagger.SwaggerMiddleware.Invoke(HttpContext httpContext, ISwaggerProvider swaggerProvider)
   at Serilog.AspNetCore.RequestLoggingMiddleware.Invoke(HttpContext httpContext)
2025-05-17 23:53:26.463 +05:30 [ERR] [Microsoft.AspNetCore.Diagnostics.DeveloperExceptionPageMiddleware] An unhandled exception has occurred while executing the request.
MySqlConnector.MySqlException (0x80004005): Couldn't connect to server
 ---> System.IO.IOException: Unable to write data to the transport connection: An established connection was aborted by the software in your host machine..
 ---> System.Net.Sockets.SocketException (10053): An established connection was aborted by the software in your host machine.
   at System.Net.Sockets.NetworkStream.Write(ReadOnlySpan`1 buffer)
   --- End of inner exception stack trace ---
   at System.Net.Sockets.NetworkStream.Write(ReadOnlySpan`1 buffer)
   at System.Net.Security.SslStream.WriteSingleChunk[TIOAdapter](ReadOnlyMemory`1 buffer, CancellationToken cancellationToken)
   at System.Net.Security.SslStream.WriteAsyncInternal[TIOAdapter](ReadOnlyMemory`1 buffer, CancellationToken cancellationToken)
   at System.Net.Security.SslStream.Write(Byte[] buffer, Int32 offset, Int32 count)
   at System.IO.Stream.Write(ReadOnlySpan`1 buffer)
   at MySqlConnector.Utilities.Utility.Write(Stream stream, ReadOnlyMemory`1 data) in /_/src/MySqlConnector/Utilities/Utility.cs:line 512
   at MySqlConnector.Protocol.Serialization.StreamByteHandler.WriteBytesAsync(ReadOnlyMemory`1 data, IOBehavior ioBehavior) in /_/src/MySqlConnector/Protocol/Serialization/StreamByteHandler.cs:line 96
--- End of stack trace from previous location ---
   at MySqlConnector.Protocol.Serialization.ProtocolUtility.WritePayloadAsync(IByteHandler byteHandler, Func`1 getNextSequenceNumber, ReadOnlyMemory`1 payload, IOBehavior ioBehavior) in /_/src/MySqlConnector/Protocol/Serialization/ProtocolUtility.cs:line 491
   at MySqlConnector.Core.ServerSession.SendReplyAsync(PayloadData payload, IOBehavior ioBehavior, CancellationToken cancellationToken) in /_/src/MySqlConnector/Core/ServerSession.cs:line 910
   at MySqlConnector.Core.ServerSession.ConnectAsync(ConnectionSettings cs, MySqlConnection connection, Int64 startingTimestamp, ILoadBalancer loadBalancer, Activity activity, IOBehavior ioBehavior, CancellationToken cancellationToken) in /_/src/MySqlConnector/Core/ServerSession.cs:line 531
   at MySqlConnector.Core.ServerSession.ConnectAsync(ConnectionSettings cs, MySqlConnection connection, Int64 startingTimestamp, ILoadBalancer loadBalancer, Activity activity, IOBehavior ioBehavior, CancellationToken cancellationToken) in /_/src/MySqlConnector/Core/ServerSession.cs:line 564
   at MySqlConnector.MySqlConnection.CreateSessionAsync(ConnectionPool pool, Int64 startingTimestamp, Activity activity, Nullable`1 ioBehavior, CancellationToken cancellationToken) in /_/src/MySqlConnector/MySqlConnection.cs:line 932
   at MySqlConnector.MySqlConnection.CreateSessionAsync(ConnectionPool pool, Int64 startingTimestamp, Activity activity, Nullable`1 ioBehavior, CancellationToken cancellationToken) in /_/src/MySqlConnector/MySqlConnection.cs:line 938
   at MySqlConnector.MySqlConnection.OpenAsync(Nullable`1 ioBehavior, CancellationToken cancellationToken) in /_/src/MySqlConnector/MySqlConnection.cs:line 419
   at MySqlConnector.MySqlConnection.Open() in /_/src/MySqlConnector/MySqlConnection.cs:line 381
   at Microsoft.EntityFrameworkCore.ServerVersion.AutoDetect(String connectionString)
   at Program.<>c__DisplayClass0_0.<<Main>$>b__1(DbContextOptionsBuilder options) in D:\Projects\Core\StudentManagement\StudentManagement\src\StudentManagement.API\Program.cs:line 50
   at Microsoft.Extensions.DependencyInjection.EntityFrameworkServiceCollectionExtensions.<>c__DisplayClass1_0`2.<AddDbContext>b__0(IServiceProvider _, DbContextOptionsBuilder b)
   at Microsoft.Extensions.DependencyInjection.EntityFrameworkServiceCollectionExtensions.CreateDbContextOptions[TContext](IServiceProvider applicationServiceProvider, Action`2 optionsAction)
   at Microsoft.Extensions.DependencyInjection.EntityFrameworkServiceCollectionExtensions.<>c__DisplayClass17_0`1.<AddCoreServices>b__0(IServiceProvider p)
   at Microsoft.Extensions.DependencyInjection.ServiceLookup.CallSiteVisitor`2.VisitCallSiteMain(ServiceCallSite callSite, TArgument argument)
   at Microsoft.Extensions.DependencyInjection.ServiceLookup.CallSiteRuntimeResolver.VisitCache(ServiceCallSite callSite, RuntimeResolverContext context, ServiceProviderEngineScope serviceProviderEngine, RuntimeResolverLock lockType)
   at Microsoft.Extensions.DependencyInjection.ServiceLookup.CallSiteRuntimeResolver.VisitScopeCache(ServiceCallSite callSite, RuntimeResolverContext context)
   at Microsoft.Extensions.DependencyInjection.ServiceLookup.CallSiteVisitor`2.VisitCallSite(ServiceCallSite callSite, TArgument argument)
   at Microsoft.Extensions.DependencyInjection.ServiceLookup.CallSiteVisitor`2.VisitCallSiteMain(ServiceCallSite callSite, TArgument argument)
   at Microsoft.Extensions.DependencyInjection.ServiceLookup.CallSiteRuntimeResolver.VisitCache(ServiceCallSite callSite, RuntimeResolverContext context, ServiceProviderEngineScope serviceProviderEngine, RuntimeResolverLock lockType)
   at Microsoft.Extensions.DependencyInjection.ServiceLookup.CallSiteRuntimeResolver.VisitScopeCache(ServiceCallSite callSite, RuntimeResolverContext context)
   at Microsoft.Extensions.DependencyInjection.ServiceLookup.CallSiteVisitor`2.VisitCallSite(ServiceCallSite callSite, TArgument argument)
   at Microsoft.Extensions.DependencyInjection.ServiceLookup.CallSiteVisitor`2.VisitCallSiteMain(ServiceCallSite callSite, TArgument argument)
   at Microsoft.Extensions.DependencyInjection.ServiceLookup.CallSiteRuntimeResolver.VisitCache(ServiceCallSite callSite, RuntimeResolverContext context, ServiceProviderEngineScope serviceProviderEngine, RuntimeResolverLock lockType)
   at Microsoft.Extensions.DependencyInjection.ServiceLookup.CallSiteRuntimeResolver.VisitScopeCache(ServiceCallSite callSite, RuntimeResolverContext context)
   at Microsoft.Extensions.DependencyInjection.ServiceLookup.CallSiteVisitor`2.VisitCallSite(ServiceCallSite callSite, TArgument argument)
   at Microsoft.Extensions.DependencyInjection.ServiceLookup.CallSiteVisitor`2.VisitCallSiteMain(ServiceCallSite callSite, TArgument argument)
   at Microsoft.Extensions.DependencyInjection.ServiceLookup.CallSiteRuntimeResolver.VisitCache(ServiceCallSite callSite, RuntimeResolverContext context, ServiceProviderEngineScope serviceProviderEngine, RuntimeResolverLock lockType)
   at Microsoft.Extensions.DependencyInjection.ServiceLookup.CallSiteRuntimeResolver.VisitScopeCache(ServiceCallSite callSite, RuntimeResolverContext context)
   at Microsoft.Extensions.DependencyInjection.ServiceLookup.CallSiteVisitor`2.VisitCallSite(ServiceCallSite callSite, TArgument argument)
   at Microsoft.Extensions.DependencyInjection.ServiceLookup.CallSiteRuntimeResolver.Resolve(ServiceCallSite callSite, ServiceProviderEngineScope scope)
   at Microsoft.Extensions.DependencyInjection.ServiceLookup.DynamicServiceProviderEngine.<>c__DisplayClass2_0.<RealizeService>b__0(ServiceProviderEngineScope scope)
   at Microsoft.Extensions.DependencyInjection.ServiceLookup.ServiceProviderEngineScope.GetService(Type serviceType)
   at lambda_method109(Closure, IServiceProvider, Object[])
   at Microsoft.AspNetCore.Mvc.Controllers.ControllerFactoryProvider.<>c__DisplayClass6_0.<CreateControllerFactory>g__CreateController|0(ControllerContext controllerContext)
   at Microsoft.AspNetCore.Mvc.Infrastructure.ControllerActionInvoker.Next(State& next, Scope& scope, Object& state, Boolean& isCompleted)
   at Microsoft.AspNetCore.Mvc.Infrastructure.ControllerActionInvoker.InvokeInnerFilterAsync()
--- End of stack trace from previous location ---
   at Microsoft.AspNetCore.Mvc.Infrastructure.ResourceInvoker.<InvokeFilterPipelineAsync>g__Awaited|20_0(ResourceInvoker invoker, Task lastTask, State next, Scope scope, Object state, Boolean isCompleted)
   at Microsoft.AspNetCore.Mvc.Infrastructure.ResourceInvoker.<InvokeAsync>g__Awaited|17_0(ResourceInvoker invoker, Task task, IDisposable scope)
   at Microsoft.AspNetCore.Mvc.Infrastructure.ResourceInvoker.<InvokeAsync>g__Awaited|17_0(ResourceInvoker invoker, Task task, IDisposable scope)
   at Microsoft.AspNetCore.Authorization.AuthorizationMiddleware.Invoke(HttpContext context)
   at Microsoft.AspNetCore.Authentication.AuthenticationMiddleware.Invoke(HttpContext context)
   at Swashbuckle.AspNetCore.SwaggerUI.SwaggerUIMiddleware.Invoke(HttpContext httpContext)
   at Swashbuckle.AspNetCore.Swagger.SwaggerMiddleware.Invoke(HttpContext httpContext, ISwaggerProvider swaggerProvider)
   at Serilog.AspNetCore.RequestLoggingMiddleware.Invoke(HttpContext httpContext)
   at Microsoft.AspNetCore.Diagnostics.DeveloperExceptionPageMiddlewareImpl.Invoke(HttpContext context)
2025-05-17 23:53:26.610 +05:30 [INF] [Microsoft.EntityFrameworkCore.Database.Command] Executed DbCommand (83ms) [Parameters=[], CommandType='"Text"', CommandTimeout='30']
SELECT `s`.`SchoolId`, `s`.`Address`, `s`.`CreatedAt`, `s`.`Name`, `s`.`UpdatedAt`
FROM `Schools` AS `s`
2025-05-17 23:53:26.639 +05:30 [INF] [StudentManagement.Application.Services.SchoolService] Retrieved 1 schools.
2025-05-17 23:53:36.685 +05:30 [INF] [Serilog.AspNetCore.RequestLoggingMiddleware] HTTP GET /api/schools responded 200 in 250082.2189 ms
2025-05-17 23:53:58.421 +05:30 [INF] [Serilog.AspNetCore.RequestLoggingMiddleware] HTTP OPTIONS /api/schools responded 204 in 0.6106 ms
2025-05-17 23:53:58.430 +05:30 [INF] [Serilog.AspNetCore.RequestLoggingMiddleware] HTTP OPTIONS /api/schools responded 204 in 5.6780 ms
2025-05-17 23:54:06.750 +05:30 [INF] [StudentManagement.Application.Services.SchoolService] Retrieving all schools.
2025-05-17 23:54:10.189 +05:30 [INF] [Microsoft.EntityFrameworkCore.Database.Command] Executed DbCommand (2ms) [Parameters=[], CommandType='"Text"', CommandTimeout='30']
SELECT `s`.`SchoolId`, `s`.`Address`, `s`.`CreatedAt`, `s`.`Name`, `s`.`UpdatedAt`
FROM `Schools` AS `s`
2025-05-17 23:54:10.955 +05:30 [INF] [StudentManagement.Application.Services.SchoolService] Retrieved 1 schools.
2025-05-17 23:54:30.627 +05:30 [INF] [Serilog.AspNetCore.RequestLoggingMiddleware] HTTP GET /api/schools responded 200 in 32128.4886 ms
2025-05-17 23:54:33.839 +05:30 [INF] [StudentManagement.Application.Services.SchoolService] Retrieving all schools.
2025-05-17 23:54:33.857 +05:30 [INF] [Microsoft.EntityFrameworkCore.Database.Command] Executed DbCommand (3ms) [Parameters=[], CommandType='"Text"', CommandTimeout='30']
SELECT `s`.`SchoolId`, `s`.`Address`, `s`.`CreatedAt`, `s`.`Name`, `s`.`UpdatedAt`
FROM `Schools` AS `s`
2025-05-17 23:54:33.864 +05:30 [INF] [StudentManagement.Application.Services.SchoolService] Retrieved 1 schools.
2025-05-17 23:54:33.867 +05:30 [INF] [Serilog.AspNetCore.RequestLoggingMiddleware] HTTP GET /api/schools responded 200 in 27677.8399 ms
2025-05-17 23:54:46.692 +05:30 [INF] [Serilog.AspNetCore.RequestLoggingMiddleware] HTTP OPTIONS /api/schools responded 204 in 2.2524 ms
2025-05-17 23:54:46.692 +05:30 [INF] [Serilog.AspNetCore.RequestLoggingMiddleware] HTTP OPTIONS /api/schools responded 204 in 2.0133 ms
2025-05-17 23:54:50.943 +05:30 [INF] [StudentManagement.Application.Services.SchoolService] Retrieving all schools.
2025-05-17 23:54:50.985 +05:30 [INF] [Microsoft.EntityFrameworkCore.Database.Command] Executed DbCommand (30ms) [Parameters=[], CommandType='"Text"', CommandTimeout='30']
SELECT `s`.`SchoolId`, `s`.`Address`, `s`.`CreatedAt`, `s`.`Name`, `s`.`UpdatedAt`
FROM `Schools` AS `s`
2025-05-17 23:54:53.823 +05:30 [INF] [StudentManagement.Application.Services.SchoolService] Retrieving all schools.
2025-05-17 23:54:53.835 +05:30 [INF] [StudentManagement.Application.Services.SchoolService] Retrieved 1 schools.
2025-05-17 23:54:53.869 +05:30 [INF] [Microsoft.EntityFrameworkCore.Database.Command] Executed DbCommand (3ms) [Parameters=[], CommandType='"Text"', CommandTimeout='30']
SELECT `s`.`SchoolId`, `s`.`Address`, `s`.`CreatedAt`, `s`.`Name`, `s`.`UpdatedAt`
FROM `Schools` AS `s`
2025-05-17 23:55:00.875 +05:30 [INF] [Serilog.AspNetCore.RequestLoggingMiddleware] HTTP GET /api/schools responded 200 in 14168.5191 ms
2025-05-17 23:55:00.919 +05:30 [INF] [StudentManagement.Application.Services.SchoolService] Retrieved 1 schools.
2025-05-17 23:55:01.764 +05:30 [INF] [Serilog.AspNetCore.RequestLoggingMiddleware] HTTP GET /api/schools responded 200 in 11244.2160 ms
2025-05-17 23:55:30.901 +05:30 [INF] [Serilog.AspNetCore.RequestLoggingMiddleware] HTTP OPTIONS /api/schools responded 204 in 0.0662 ms
2025-05-17 23:55:30.901 +05:30 [INF] [Serilog.AspNetCore.RequestLoggingMiddleware] HTTP OPTIONS /api/schools responded 204 in 0.2658 ms
2025-05-17 23:55:32.755 +05:30 [INF] [StudentManagement.Application.Services.SchoolService] Retrieving all schools.
2025-05-17 23:55:32.768 +05:30 [INF] [Microsoft.EntityFrameworkCore.Database.Command] Executed DbCommand (5ms) [Parameters=[], CommandType='"Text"', CommandTimeout='30']
SELECT `s`.`SchoolId`, `s`.`Address`, `s`.`CreatedAt`, `s`.`Name`, `s`.`UpdatedAt`
FROM `Schools` AS `s`
2025-05-17 23:55:33.545 +05:30 [INF] [StudentManagement.Application.Services.SchoolService] Retrieving all schools.
2025-05-17 23:55:33.550 +05:30 [INF] [StudentManagement.Application.Services.SchoolService] Retrieved 1 schools.
2025-05-17 23:55:33.556 +05:30 [INF] [Serilog.AspNetCore.RequestLoggingMiddleware] HTTP GET /api/schools responded 200 in 2632.9924 ms
2025-05-17 23:55:33.561 +05:30 [INF] [Microsoft.EntityFrameworkCore.Database.Command] Executed DbCommand (6ms) [Parameters=[], CommandType='"Text"', CommandTimeout='30']
SELECT `s`.`SchoolId`, `s`.`Address`, `s`.`CreatedAt`, `s`.`Name`, `s`.`UpdatedAt`
FROM `Schools` AS `s`
2025-05-17 23:55:33.574 +05:30 [INF] [StudentManagement.Application.Services.SchoolService] Retrieved 1 schools.
2025-05-17 23:55:33.579 +05:30 [INF] [Serilog.AspNetCore.RequestLoggingMiddleware] HTTP GET /api/schools responded 200 in 2643.1985 ms
