2025-05-02 01:13:10.271 +05:30 [INF] [Serilog.AspNetCore.RequestLoggingMiddleware] HTTP OPTIONS /api/schools/1/students responded 204 in 16.3800 ms
2025-05-02 01:13:10.271 +05:30 [INF] [Serilog.AspNetCore.RequestLoggingMiddleware] HTTP OPTIONS /api/schools/1/students responded 204 in 16.3805 ms
2025-05-02 01:13:18.532 +05:30 [INF] [Serilog.AspNetCore.RequestLoggingMiddleware] HTTP GET /api/schools/1/students responded 401 in 8157.2990 ms
2025-05-02 01:13:18.532 +05:30 [INF] [Serilog.AspNetCore.RequestLoggingMiddleware] HTTP GET /api/schools/1/students responded 401 in 8158.4460 ms
2025-05-02 01:21:04.071 +05:30 [INF] [Serilog.AspNetCore.RequestLoggingMiddleware] HTTP OPTIONS /api/schools/1/students responded 204 in 2.2731 ms
2025-05-02 01:21:05.688 +05:30 [INF] [Serilog.AspNetCore.RequestLoggingMiddleware] HTTP GET /api/schools/1/students responded 401 in 1578.1557 ms
2025-05-02 01:21:06.562 +05:30 [INF] [Serilog.AspNetCore.RequestLoggingMiddleware] HTTP GET /api/schools/1/students responded 401 in 863.7921 ms
2025-05-02 01:40:26.004 +05:30 [INF] [Serilog.AspNetCore.RequestLoggingMiddleware] HTTP OPTIONS /api/auth/login responded 204 in 2.6460 ms
2025-05-02 01:40:31.089 +05:30 [INF] [Microsoft.EntityFrameworkCore.Database.Command] Executed DbCommand (68ms) [Parameters=[@__loginDto_UsernameOrEmail_0='ameh.naik@mail.com' (Size = 100), @__loginDto_UsernameOrEmail_0_1='ameh.naik@mail.com' (Size = 150)], CommandType='"Text"', CommandTimeout='30']
SELECT `u`.`UserId`, `u`.`CreatedAt`, `u`.`Email`, `u`.`IsActive`, `u`.`PasswordHash`, `u`.`PasswordSalt`, `u`.`Role`, `u`.`UpdatedAt`, `u`.`Username`
FROM `Users` AS `u`
WHERE (`u`.`Username` = @__loginDto_UsernameOrEmail_0) OR (`u`.`Email` = @__loginDto_UsernameOrEmail_0_1)
LIMIT 1
2025-05-02 01:40:48.404 +05:30 [INF] [StudentManagement.API.Controllers.AuthController] User logged in successfully: ameh
2025-05-02 01:40:48.417 +05:30 [INF] [Serilog.AspNetCore.RequestLoggingMiddleware] HTTP POST /api/auth/login responded 200 in 22384.5185 ms
2025-05-02 01:40:54.963 +05:30 [INF] [Serilog.AspNetCore.RequestLoggingMiddleware] HTTP OPTIONS /api/schools/1/students responded 204 in 6.9882 ms
2025-05-02 01:40:54.963 +05:30 [INF] [Serilog.AspNetCore.RequestLoggingMiddleware] HTTP OPTIONS /api/schools/1/students responded 204 in 6.9596 ms
2025-05-02 01:40:55.024 +05:30 [INF] [StudentMgmt.Infrastructure.FileStorage.FileStorageService] Local Storage Base Path resolved to: D:\Projects\Core\StudentManagement\StudentManagement\src\StudentManagement.API\wwwroot\uploads\student-photos
2025-05-02 01:40:57.754 +05:30 [INF] [StudentManagement.API.Controllers.StudentsController] Executing GetStudentsBySchool for School ID: 1
2025-05-02 01:40:57.755 +05:30 [INF] [StudentMgmt.Infrastructure.FileStorage.FileStorageService] Local Storage Base Path resolved to: D:\Projects\Core\StudentManagement\StudentManagement\src\StudentManagement.API\wwwroot\uploads\student-photos
2025-05-02 01:41:01.651 +05:30 [INF] [StudentManagement.Application.Services.StudentService] Retrieving students for School ID: 1
2025-05-02 01:41:03.060 +05:30 [INF] [StudentManagement.API.Controllers.StudentsController] Executing GetStudentsBySchool for School ID: 1
2025-05-02 01:41:10.049 +05:30 [INF] [StudentManagement.Application.Services.StudentService] Retrieving students for School ID: 1
2025-05-02 01:41:10.067 +05:30 [INF] [Microsoft.EntityFrameworkCore.Database.Command] Executed DbCommand (16ms) [Parameters=[@__schoolId_0='1'], CommandType='"Text"', CommandTimeout='30']
SELECT `s`.`StudentId`, `s`.`CreatedAt`, `s`.`DateOfBirth`, `s`.`FirstName`, `s`.`IsActive`, `s`.`LastName`, `s`.`PhotoPath`, `s`.`SchoolId`, `s`.`StudentIdentifier`, `s`.`UpdatedAt`, `s0`.`SchoolId`, `s0`.`Address`, `s0`.`CreatedAt`, `s0`.`Name`, `s0`.`UpdatedAt`
FROM `Students` AS `s`
INNER JOIN `Schools` AS `s0` ON `s`.`SchoolId` = `s0`.`SchoolId`
WHERE `s`.`SchoolId` = @__schoolId_0
ORDER BY `s`.`LastName`, `s`.`FirstName`
2025-05-02 01:41:10.078 +05:30 [INF] [StudentManagement.Application.Services.StudentService] Retrieved 3 students for School ID: 1
2025-05-02 01:41:10.089 +05:30 [INF] [Serilog.AspNetCore.RequestLoggingMiddleware] HTTP GET /api/schools/1/students responded 200 in 15117.1769 ms
2025-05-02 01:41:10.106 +05:30 [INF] [Microsoft.EntityFrameworkCore.Database.Command] Executed DbCommand (2ms) [Parameters=[@__schoolId_0='1'], CommandType='"Text"', CommandTimeout='30']
SELECT `s`.`StudentId`, `s`.`CreatedAt`, `s`.`DateOfBirth`, `s`.`FirstName`, `s`.`IsActive`, `s`.`LastName`, `s`.`PhotoPath`, `s`.`SchoolId`, `s`.`StudentIdentifier`, `s`.`UpdatedAt`, `s0`.`SchoolId`, `s0`.`Address`, `s0`.`CreatedAt`, `s0`.`Name`, `s0`.`UpdatedAt`
FROM `Students` AS `s`
INNER JOIN `Schools` AS `s0` ON `s`.`SchoolId` = `s0`.`SchoolId`
WHERE `s`.`SchoolId` = @__schoolId_0
ORDER BY `s`.`LastName`, `s`.`FirstName`
2025-05-02 01:41:10.120 +05:30 [INF] [StudentManagement.Application.Services.StudentService] Retrieved 3 students for School ID: 1
2025-05-02 01:41:10.122 +05:30 [INF] [Serilog.AspNetCore.RequestLoggingMiddleware] HTTP GET /api/schools/1/students responded 200 in 15109.1587 ms
2025-05-02 01:41:25.506 +05:30 [INF] [Serilog.AspNetCore.RequestLoggingMiddleware] HTTP OPTIONS /api/schools/1/students/export responded 204 in 4.9578 ms
2025-05-02 01:41:25.595 +05:30 [INF] [StudentMgmt.Infrastructure.FileStorage.FileStorageService] Local Storage Base Path resolved to: D:\Projects\Core\StudentManagement\StudentManagement\src\StudentManagement.API\wwwroot\uploads\student-photos
2025-05-02 01:41:25.612 +05:30 [INF] [StudentManagement.API.Controllers.StudentsController] Executing ExportStudents for School ID: 1
2025-05-02 01:41:34.184 +05:30 [INF] [Microsoft.EntityFrameworkCore.Database.Command] Executed DbCommand (53ms) [Parameters=[@__userId_0='0', @__schoolId_1='1'], CommandType='"Text"', CommandTimeout='30']
SELECT EXISTS (
    SELECT 1
    FROM `UserSchoolLinks` AS `u`
    WHERE (`u`.`UserId` = @__userId_0) AND (`u`.`SchoolId` = @__schoolId_1))
2025-05-02 01:41:49.991 +05:30 [INF] [StudentManagement.Application.Services.StudentService] Generating Excel export for School ID: 1
2025-05-02 01:41:49.995 +05:30 [INF] [StudentManagement.Application.Services.StudentService] Retrieving students for School ID: 1
2025-05-02 01:41:50.002 +05:30 [INF] [Microsoft.EntityFrameworkCore.Database.Command] Executed DbCommand (2ms) [Parameters=[@__schoolId_0='1'], CommandType='"Text"', CommandTimeout='30']
SELECT `s`.`StudentId`, `s`.`CreatedAt`, `s`.`DateOfBirth`, `s`.`FirstName`, `s`.`IsActive`, `s`.`LastName`, `s`.`PhotoPath`, `s`.`SchoolId`, `s`.`StudentIdentifier`, `s`.`UpdatedAt`, `s0`.`SchoolId`, `s0`.`Address`, `s0`.`CreatedAt`, `s0`.`Name`, `s0`.`UpdatedAt`
FROM `Students` AS `s`
INNER JOIN `Schools` AS `s0` ON `s`.`SchoolId` = `s0`.`SchoolId`
WHERE `s`.`SchoolId` = @__schoolId_0
ORDER BY `s`.`LastName`, `s`.`FirstName`
2025-05-02 01:41:50.018 +05:30 [INF] [StudentManagement.Application.Services.StudentService] Retrieved 3 students for School ID: 1
2025-05-02 01:41:50.116 +05:30 [INF] [StudentMgmt.Infrastructure.FileProcessing.ExcelService] Generating Excel export for VmStudentSummary data.
2025-05-02 01:41:53.298 +05:30 [INF] [StudentMgmt.Infrastructure.FileProcessing.ExcelService] Excel export generated successfully.
2025-05-02 01:41:53.349 +05:30 [INF] [Serilog.AspNetCore.RequestLoggingMiddleware] HTTP GET /api/schools/1/students/export responded 200 in 27834.5419 ms
2025-05-02 13:55:26.802 +05:30 [INF] [Microsoft.Hosting.Lifetime] Now listening on: https://localhost:7145
2025-05-02 13:55:26.896 +05:30 [INF] [Microsoft.Hosting.Lifetime] Now listening on: http://localhost:5145
2025-05-02 13:55:26.902 +05:30 [INF] [Microsoft.Hosting.Lifetime] Application started. Press Ctrl+C to shut down.
2025-05-02 13:55:26.904 +05:30 [INF] [Microsoft.Hosting.Lifetime] Hosting environment: Development
2025-05-02 13:55:26.907 +05:30 [INF] [Microsoft.Hosting.Lifetime] Content root path: D:\Projects\Core\StudentManagement\StudentManagement\src\StudentManagement.API
2025-05-02 13:55:32.714 +05:30 [INF] [Serilog.AspNetCore.RequestLoggingMiddleware] HTTP GET /swagger responded 301 in 74.2002 ms
2025-05-02 13:55:33.170 +05:30 [INF] [Serilog.AspNetCore.RequestLoggingMiddleware] HTTP GET /swagger/index.html responded 200 in 350.8810 ms
2025-05-02 13:55:33.725 +05:30 [INF] [Serilog.AspNetCore.RequestLoggingMiddleware] HTTP GET /swagger/swagger-ui.css responded 200 in 462.8536 ms
2025-05-02 13:55:33.869 +05:30 [INF] [Serilog.AspNetCore.RequestLoggingMiddleware] HTTP GET /swagger/swagger-ui-standalone-preset.js responded 200 in 263.6710 ms
2025-05-02 13:55:34.152 +05:30 [INF] [Serilog.AspNetCore.RequestLoggingMiddleware] HTTP GET /swagger/swagger-ui-bundle.js responded 200 in 888.5217 ms
2025-05-02 13:55:34.573 +05:30 [INF] [Serilog.AspNetCore.RequestLoggingMiddleware] HTTP GET /swagger/favicon-16x16.png responded 200 in 0.4905 ms
2025-05-02 13:55:35.118 +05:30 [INF] [Serilog.AspNetCore.RequestLoggingMiddleware] HTTP GET /swagger/v1/swagger.json responded 200 in 442.7191 ms
2025-05-02 13:57:43.554 +05:30 [INF] [Serilog.AspNetCore.RequestLoggingMiddleware] HTTP OPTIONS /api/schools/1/students responded 204 in 101.0806 ms
2025-05-02 13:57:48.815 +05:30 [INF] [Serilog.AspNetCore.RequestLoggingMiddleware] HTTP GET /api/schools/1/students responded 401 in 5250.2588 ms
2025-05-02 13:57:48.833 +05:30 [INF] [Serilog.AspNetCore.RequestLoggingMiddleware] HTTP OPTIONS /api/schools/1/students responded 204 in 0.9979 ms
2025-05-02 13:58:01.804 +05:30 [INF] [Serilog.AspNetCore.RequestLoggingMiddleware] HTTP OPTIONS /api/auth/login responded 204 in 1.8737 ms
2025-05-02 13:58:12.480 +05:30 [WRN] [Microsoft.EntityFrameworkCore.Model.Validation] Sensitive data logging is enabled. Log entries and exception messages may include sensitive application data; this mode should only be enabled during development.
2025-05-02 13:58:13.888 +05:30 [INF] [Microsoft.EntityFrameworkCore.Database.Command] Executed DbCommand (145ms) [Parameters=[@__loginDto_UsernameOrEmail_0='ameh@mail.com' (Size = 100), @__loginDto_UsernameOrEmail_0_1='ameh@mail.com' (Size = 150)], CommandType='"Text"', CommandTimeout='30']
SELECT `u`.`UserId`, `u`.`CreatedAt`, `u`.`Email`, `u`.`IsActive`, `u`.`PasswordHash`, `u`.`PasswordSalt`, `u`.`Role`, `u`.`UpdatedAt`, `u`.`Username`
FROM `Users` AS `u`
WHERE (`u`.`Username` = @__loginDto_UsernameOrEmail_0) OR (`u`.`Email` = @__loginDto_UsernameOrEmail_0_1)
LIMIT 1
2025-05-02 13:58:28.353 +05:30 [INF] [StudentManagement.API.Controllers.AuthController] User logged in successfully: amnaik
2025-05-02 13:58:28.404 +05:30 [INF] [Serilog.AspNetCore.RequestLoggingMiddleware] HTTP POST /api/auth/login responded 200 in 26585.6347 ms
2025-05-02 13:58:31.071 +05:30 [INF] [Serilog.AspNetCore.RequestLoggingMiddleware] HTTP OPTIONS /api/schools/1/students responded 204 in 0.4226 ms
2025-05-02 13:58:31.073 +05:30 [INF] [Serilog.AspNetCore.RequestLoggingMiddleware] HTTP OPTIONS /api/schools/1/students responded 204 in 0.3589 ms
2025-05-02 13:58:31.136 +05:30 [INF] [StudentMgmt.Infrastructure.FileStorage.FileStorageService] Local Storage Base Path resolved to: D:\Projects\Core\StudentManagement\StudentManagement\src\StudentManagement.API\wwwroot\uploads\student-photos
2025-05-02 13:58:31.136 +05:30 [INF] [StudentMgmt.Infrastructure.FileStorage.FileStorageService] Local Storage Base Path resolved to: D:\Projects\Core\StudentManagement\StudentManagement\src\StudentManagement.API\wwwroot\uploads\student-photos
2025-05-02 13:58:36.088 +05:30 [INF] [StudentManagement.API.Controllers.StudentsController] Executing GetStudentsBySchool for School ID: 1
2025-05-02 13:58:36.088 +05:30 [INF] [StudentManagement.API.Controllers.StudentsController] Executing GetStudentsBySchool for School ID: 1
2025-05-02 13:58:40.314 +05:30 [INF] [StudentManagement.Application.Services.StudentService] Retrieving students for School ID: 1
2025-05-02 13:58:55.001 +05:30 [INF] [StudentManagement.Application.Services.StudentService] Retrieving students for School ID: 1
2025-05-02 13:58:55.351 +05:30 [INF] [Microsoft.EntityFrameworkCore.Database.Command] Executed DbCommand (48ms) [Parameters=[@__schoolId_0='1'], CommandType='"Text"', CommandTimeout='30']
SELECT `s`.`StudentId`, `s`.`CreatedAt`, `s`.`DateOfBirth`, `s`.`FirstName`, `s`.`IsActive`, `s`.`LastName`, `s`.`PhotoPath`, `s`.`SchoolId`, `s`.`StudentIdentifier`, `s`.`UpdatedAt`, `s0`.`SchoolId`, `s0`.`Address`, `s0`.`CreatedAt`, `s0`.`Name`, `s0`.`UpdatedAt`
FROM `Students` AS `s`
INNER JOIN `Schools` AS `s0` ON `s`.`SchoolId` = `s0`.`SchoolId`
WHERE `s`.`SchoolId` = @__schoolId_0
ORDER BY `s`.`LastName`, `s`.`FirstName`
2025-05-02 13:58:55.351 +05:30 [INF] [Microsoft.EntityFrameworkCore.Database.Command] Executed DbCommand (33ms) [Parameters=[@__schoolId_0='1'], CommandType='"Text"', CommandTimeout='30']
SELECT `s`.`StudentId`, `s`.`CreatedAt`, `s`.`DateOfBirth`, `s`.`FirstName`, `s`.`IsActive`, `s`.`LastName`, `s`.`PhotoPath`, `s`.`SchoolId`, `s`.`StudentIdentifier`, `s`.`UpdatedAt`, `s0`.`SchoolId`, `s0`.`Address`, `s0`.`CreatedAt`, `s0`.`Name`, `s0`.`UpdatedAt`
FROM `Students` AS `s`
INNER JOIN `Schools` AS `s0` ON `s`.`SchoolId` = `s0`.`SchoolId`
WHERE `s`.`SchoolId` = @__schoolId_0
ORDER BY `s`.`LastName`, `s`.`FirstName`
2025-05-02 13:58:55.370 +05:30 [INF] [StudentManagement.Application.Services.StudentService] Retrieved 3 students for School ID: 1
2025-05-02 13:58:55.370 +05:30 [INF] [StudentManagement.Application.Services.StudentService] Retrieved 3 students for School ID: 1
2025-05-02 13:58:55.402 +05:30 [INF] [Serilog.AspNetCore.RequestLoggingMiddleware] HTTP GET /api/schools/1/students responded 200 in 24318.8359 ms
2025-05-02 13:58:55.402 +05:30 [INF] [Serilog.AspNetCore.RequestLoggingMiddleware] HTTP GET /api/schools/1/students responded 200 in 24314.2932 ms
2025-05-02 14:00:39.695 +05:30 [INF] [Serilog.AspNetCore.RequestLoggingMiddleware] HTTP OPTIONS /api/schools/1/students responded 204 in 1.2337 ms
2025-05-02 14:00:39.701 +05:30 [INF] [Serilog.AspNetCore.RequestLoggingMiddleware] HTTP OPTIONS /api/schools/1/students responded 204 in 0.3258 ms
2025-05-02 14:00:39.756 +05:30 [INF] [StudentMgmt.Infrastructure.FileStorage.FileStorageService] Local Storage Base Path resolved to: D:\Projects\Core\StudentManagement\StudentManagement\src\StudentManagement.API\wwwroot\uploads\student-photos
2025-05-02 14:00:39.756 +05:30 [INF] [StudentMgmt.Infrastructure.FileStorage.FileStorageService] Local Storage Base Path resolved to: D:\Projects\Core\StudentManagement\StudentManagement\src\StudentManagement.API\wwwroot\uploads\student-photos
2025-05-02 14:00:41.743 +05:30 [INF] [StudentManagement.API.Controllers.StudentsController] Executing GetStudentsBySchool for School ID: 1
2025-05-02 14:00:43.318 +05:30 [INF] [StudentManagement.API.Controllers.StudentsController] Executing GetStudentsBySchool for School ID: 1
2025-05-02 14:00:47.751 +05:30 [INF] [StudentManagement.Application.Services.StudentService] Retrieving students for School ID: 1
2025-05-02 14:00:51.231 +05:30 [INF] [StudentManagement.Application.Services.StudentService] Retrieving students for School ID: 1
2025-05-02 14:00:51.294 +05:30 [INF] [Microsoft.EntityFrameworkCore.Database.Command] Executed DbCommand (4ms) [Parameters=[@__schoolId_0='1'], CommandType='"Text"', CommandTimeout='30']
SELECT `s`.`StudentId`, `s`.`CreatedAt`, `s`.`DateOfBirth`, `s`.`FirstName`, `s`.`IsActive`, `s`.`LastName`, `s`.`PhotoPath`, `s`.`SchoolId`, `s`.`StudentIdentifier`, `s`.`UpdatedAt`, `s0`.`SchoolId`, `s0`.`Address`, `s0`.`CreatedAt`, `s0`.`Name`, `s0`.`UpdatedAt`
FROM `Students` AS `s`
INNER JOIN `Schools` AS `s0` ON `s`.`SchoolId` = `s0`.`SchoolId`
WHERE `s`.`SchoolId` = @__schoolId_0
ORDER BY `s`.`LastName`, `s`.`FirstName`
2025-05-02 14:00:51.294 +05:30 [INF] [Microsoft.EntityFrameworkCore.Database.Command] Executed DbCommand (4ms) [Parameters=[@__schoolId_0='1'], CommandType='"Text"', CommandTimeout='30']
SELECT `s`.`StudentId`, `s`.`CreatedAt`, `s`.`DateOfBirth`, `s`.`FirstName`, `s`.`IsActive`, `s`.`LastName`, `s`.`PhotoPath`, `s`.`SchoolId`, `s`.`StudentIdentifier`, `s`.`UpdatedAt`, `s0`.`SchoolId`, `s0`.`Address`, `s0`.`CreatedAt`, `s0`.`Name`, `s0`.`UpdatedAt`
FROM `Students` AS `s`
INNER JOIN `Schools` AS `s0` ON `s`.`SchoolId` = `s0`.`SchoolId`
WHERE `s`.`SchoolId` = @__schoolId_0
ORDER BY `s`.`LastName`, `s`.`FirstName`
2025-05-02 14:00:51.300 +05:30 [INF] [StudentManagement.Application.Services.StudentService] Retrieved 3 students for School ID: 1
2025-05-02 14:00:51.303 +05:30 [INF] [StudentManagement.Application.Services.StudentService] Retrieved 3 students for School ID: 1
2025-05-02 14:00:51.306 +05:30 [INF] [Serilog.AspNetCore.RequestLoggingMiddleware] HTTP GET /api/schools/1/students responded 200 in 11587.8571 ms
2025-05-02 14:00:51.307 +05:30 [INF] [Serilog.AspNetCore.RequestLoggingMiddleware] HTTP GET /api/schools/1/students responded 200 in 11573.1724 ms
2025-05-02 14:02:04.830 +05:30 [INF] [Serilog.AspNetCore.RequestLoggingMiddleware] HTTP OPTIONS /api/schools/1/students responded 204 in 0.7242 ms
2025-05-02 14:02:04.830 +05:30 [INF] [Serilog.AspNetCore.RequestLoggingMiddleware] HTTP OPTIONS /api/schools/1/students responded 204 in 0.5862 ms
2025-05-02 14:02:04.865 +05:30 [INF] [StudentMgmt.Infrastructure.FileStorage.FileStorageService] Local Storage Base Path resolved to: D:\Projects\Core\StudentManagement\StudentManagement\src\StudentManagement.API\wwwroot\uploads\student-photos
2025-05-02 14:02:07.211 +05:30 [INF] [StudentManagement.API.Controllers.StudentsController] Executing GetStudentsBySchool for School ID: 1
2025-05-02 14:02:11.764 +05:30 [INF] [StudentManagement.Application.Services.StudentService] Retrieving students for School ID: 1
2025-05-02 14:02:11.806 +05:30 [INF] [Microsoft.EntityFrameworkCore.Database.Command] Executed DbCommand (13ms) [Parameters=[@__schoolId_0='1'], CommandType='"Text"', CommandTimeout='30']
SELECT `s`.`StudentId`, `s`.`CreatedAt`, `s`.`DateOfBirth`, `s`.`FirstName`, `s`.`IsActive`, `s`.`LastName`, `s`.`PhotoPath`, `s`.`SchoolId`, `s`.`StudentIdentifier`, `s`.`UpdatedAt`, `s0`.`SchoolId`, `s0`.`Address`, `s0`.`CreatedAt`, `s0`.`Name`, `s0`.`UpdatedAt`
FROM `Students` AS `s`
INNER JOIN `Schools` AS `s0` ON `s`.`SchoolId` = `s0`.`SchoolId`
WHERE `s`.`SchoolId` = @__schoolId_0
ORDER BY `s`.`LastName`, `s`.`FirstName`
2025-05-02 14:02:11.808 +05:30 [INF] [StudentMgmt.Infrastructure.FileStorage.FileStorageService] Local Storage Base Path resolved to: D:\Projects\Core\StudentManagement\StudentManagement\src\StudentManagement.API\wwwroot\uploads\student-photos
2025-05-02 14:02:11.810 +05:30 [INF] [StudentManagement.Application.Services.StudentService] Retrieved 3 students for School ID: 1
2025-05-02 14:02:13.388 +05:30 [INF] [StudentManagement.API.Controllers.StudentsController] Executing GetStudentsBySchool for School ID: 1
2025-05-02 14:02:13.389 +05:30 [INF] [Serilog.AspNetCore.RequestLoggingMiddleware] HTTP GET /api/schools/1/students responded 200 in 8550.7655 ms
2025-05-02 14:02:17.778 +05:30 [INF] [StudentManagement.Application.Services.StudentService] Retrieving students for School ID: 1
2025-05-02 14:02:17.806 +05:30 [INF] [Microsoft.EntityFrameworkCore.Database.Command] Executed DbCommand (5ms) [Parameters=[@__schoolId_0='1'], CommandType='"Text"', CommandTimeout='30']
SELECT `s`.`StudentId`, `s`.`CreatedAt`, `s`.`DateOfBirth`, `s`.`FirstName`, `s`.`IsActive`, `s`.`LastName`, `s`.`PhotoPath`, `s`.`SchoolId`, `s`.`StudentIdentifier`, `s`.`UpdatedAt`, `s0`.`SchoolId`, `s0`.`Address`, `s0`.`CreatedAt`, `s0`.`Name`, `s0`.`UpdatedAt`
FROM `Students` AS `s`
INNER JOIN `Schools` AS `s0` ON `s`.`SchoolId` = `s0`.`SchoolId`
WHERE `s`.`SchoolId` = @__schoolId_0
ORDER BY `s`.`LastName`, `s`.`FirstName`
2025-05-02 14:02:17.810 +05:30 [INF] [StudentManagement.Application.Services.StudentService] Retrieved 3 students for School ID: 1
2025-05-02 14:02:17.813 +05:30 [INF] [Serilog.AspNetCore.RequestLoggingMiddleware] HTTP GET /api/schools/1/students responded 200 in 10600.3042 ms
2025-05-02 14:07:25.300 +05:30 [INF] [Serilog.AspNetCore.RequestLoggingMiddleware] HTTP OPTIONS /api/schools/1/students responded 204 in 2.9930 ms
2025-05-02 14:07:25.300 +05:30 [INF] [Serilog.AspNetCore.RequestLoggingMiddleware] HTTP OPTIONS /api/schools/1/students responded 204 in 2.9920 ms
2025-05-02 14:07:25.351 +05:30 [INF] [StudentMgmt.Infrastructure.FileStorage.FileStorageService] Local Storage Base Path resolved to: D:\Projects\Core\StudentManagement\StudentManagement\src\StudentManagement.API\wwwroot\uploads\student-photos
2025-05-02 14:07:25.351 +05:30 [INF] [StudentMgmt.Infrastructure.FileStorage.FileStorageService] Local Storage Base Path resolved to: D:\Projects\Core\StudentManagement\StudentManagement\src\StudentManagement.API\wwwroot\uploads\student-photos
2025-05-02 14:07:26.668 +05:30 [INF] [StudentManagement.API.Controllers.StudentsController] Executing GetStudentsBySchool for School ID: 1
2025-05-02 14:07:28.117 +05:30 [INF] [StudentManagement.API.Controllers.StudentsController] Executing GetStudentsBySchool for School ID: 1
2025-05-02 14:07:33.924 +05:30 [INF] [StudentManagement.Application.Services.StudentService] Retrieving students for School ID: 1
2025-05-02 14:07:37.335 +05:30 [INF] [StudentManagement.Application.Services.StudentService] Retrieving students for School ID: 1
2025-05-02 14:07:37.375 +05:30 [INF] [Microsoft.EntityFrameworkCore.Database.Command] Executed DbCommand (2ms) [Parameters=[@__schoolId_0='1'], CommandType='"Text"', CommandTimeout='30']
SELECT `s`.`StudentId`, `s`.`CreatedAt`, `s`.`DateOfBirth`, `s`.`FirstName`, `s`.`IsActive`, `s`.`LastName`, `s`.`PhotoPath`, `s`.`SchoolId`, `s`.`StudentIdentifier`, `s`.`UpdatedAt`, `s0`.`SchoolId`, `s0`.`Address`, `s0`.`CreatedAt`, `s0`.`Name`, `s0`.`UpdatedAt`
FROM `Students` AS `s`
INNER JOIN `Schools` AS `s0` ON `s`.`SchoolId` = `s0`.`SchoolId`
WHERE `s`.`SchoolId` = @__schoolId_0
ORDER BY `s`.`LastName`, `s`.`FirstName`
2025-05-02 14:07:37.376 +05:30 [INF] [Microsoft.EntityFrameworkCore.Database.Command] Executed DbCommand (2ms) [Parameters=[@__schoolId_0='1'], CommandType='"Text"', CommandTimeout='30']
SELECT `s`.`StudentId`, `s`.`CreatedAt`, `s`.`DateOfBirth`, `s`.`FirstName`, `s`.`IsActive`, `s`.`LastName`, `s`.`PhotoPath`, `s`.`SchoolId`, `s`.`StudentIdentifier`, `s`.`UpdatedAt`, `s0`.`SchoolId`, `s0`.`Address`, `s0`.`CreatedAt`, `s0`.`Name`, `s0`.`UpdatedAt`
FROM `Students` AS `s`
INNER JOIN `Schools` AS `s0` ON `s`.`SchoolId` = `s0`.`SchoolId`
WHERE `s`.`SchoolId` = @__schoolId_0
ORDER BY `s`.`LastName`, `s`.`FirstName`
2025-05-02 14:07:37.380 +05:30 [INF] [StudentManagement.Application.Services.StudentService] Retrieved 3 students for School ID: 1
2025-05-02 14:07:37.383 +05:30 [INF] [StudentManagement.Application.Services.StudentService] Retrieved 3 students for School ID: 1
2025-05-02 14:07:37.385 +05:30 [INF] [Serilog.AspNetCore.RequestLoggingMiddleware] HTTP GET /api/schools/1/students responded 200 in 12062.9083 ms
2025-05-02 14:07:37.386 +05:30 [INF] [Serilog.AspNetCore.RequestLoggingMiddleware] HTTP GET /api/schools/1/students responded 200 in 12058.6402 ms
2025-05-02 14:08:41.915 +05:30 [INF] [Serilog.AspNetCore.RequestLoggingMiddleware] HTTP OPTIONS /api/students/3 responded 204 in 0.3209 ms
2025-05-02 14:08:41.922 +05:30 [INF] [Serilog.AspNetCore.RequestLoggingMiddleware] HTTP OPTIONS /api/students/3 responded 204 in 0.1552 ms
2025-05-02 14:08:41.981 +05:30 [INF] [StudentMgmt.Infrastructure.FileStorage.FileStorageService] Local Storage Base Path resolved to: D:\Projects\Core\StudentManagement\StudentManagement\src\StudentManagement.API\wwwroot\uploads\student-photos
2025-05-02 14:08:41.981 +05:30 [INF] [StudentMgmt.Infrastructure.FileStorage.FileStorageService] Local Storage Base Path resolved to: D:\Projects\Core\StudentManagement\StudentManagement\src\StudentManagement.API\wwwroot\uploads\student-photos
2025-05-02 14:08:41.987 +05:30 [INF] [StudentManagement.API.Controllers.StudentsController] Executing GetStudent for Student ID: 3
2025-05-02 14:08:41.988 +05:30 [INF] [StudentManagement.API.Controllers.StudentsController] Executing GetStudent for Student ID: 3
2025-05-02 14:08:41.994 +05:30 [INF] [StudentManagement.Application.Services.StudentService] Attempting to retrieve student with ID: 3
2025-05-02 14:08:41.995 +05:30 [INF] [StudentManagement.Application.Services.StudentService] Attempting to retrieve student with ID: 3
2025-05-02 14:08:42.051 +05:30 [INF] [Microsoft.EntityFrameworkCore.Database.Command] Executed DbCommand (18ms) [Parameters=[@__id_0='3'], CommandType='"Text"', CommandTimeout='30']
SELECT `s`.`StudentId`, `s`.`CreatedAt`, `s`.`DateOfBirth`, `s`.`FirstName`, `s`.`IsActive`, `s`.`LastName`, `s`.`PhotoPath`, `s`.`SchoolId`, `s`.`StudentIdentifier`, `s`.`UpdatedAt`, `s0`.`SchoolId`, `s0`.`Address`, `s0`.`CreatedAt`, `s0`.`Name`, `s0`.`UpdatedAt`
FROM `Students` AS `s`
INNER JOIN `Schools` AS `s0` ON `s`.`SchoolId` = `s0`.`SchoolId`
WHERE `s`.`StudentId` = @__id_0
LIMIT 1
2025-05-02 14:08:42.055 +05:30 [INF] [Microsoft.EntityFrameworkCore.Database.Command] Executed DbCommand (22ms) [Parameters=[@__id_0='3'], CommandType='"Text"', CommandTimeout='30']
SELECT `s`.`StudentId`, `s`.`CreatedAt`, `s`.`DateOfBirth`, `s`.`FirstName`, `s`.`IsActive`, `s`.`LastName`, `s`.`PhotoPath`, `s`.`SchoolId`, `s`.`StudentIdentifier`, `s`.`UpdatedAt`, `s0`.`SchoolId`, `s0`.`Address`, `s0`.`CreatedAt`, `s0`.`Name`, `s0`.`UpdatedAt`
FROM `Students` AS `s`
INNER JOIN `Schools` AS `s0` ON `s`.`SchoolId` = `s0`.`SchoolId`
WHERE `s`.`StudentId` = @__id_0
LIMIT 1
2025-05-02 14:09:05.863 +05:30 [INF] [Serilog.AspNetCore.RequestLoggingMiddleware] HTTP GET /api/students/3 responded 200 in 23927.5028 ms
2025-05-02 14:09:05.863 +05:30 [INF] [Serilog.AspNetCore.RequestLoggingMiddleware] HTTP GET /api/students/3 responded 200 in 23910.5518 ms
2025-05-02 15:19:45.536 +05:30 [INF] [Serilog.AspNetCore.RequestLoggingMiddleware] HTTP OPTIONS /api/schools/1/students responded 204 in 1.1915 ms
2025-05-02 15:19:48.220 +05:30 [INF] [Serilog.AspNetCore.RequestLoggingMiddleware] HTTP GET /api/schools/1/students responded 401 in 2661.1038 ms
2025-05-02 15:19:50.531 +05:30 [INF] [Serilog.AspNetCore.RequestLoggingMiddleware] HTTP GET /api/schools/1/students responded 401 in 2303.9575 ms
2025-05-02 15:20:17.071 +05:30 [INF] [Serilog.AspNetCore.RequestLoggingMiddleware] HTTP OPTIONS /api/auth/login responded 204 in 0.2971 ms
2025-05-02 15:20:19.112 +05:30 [INF] [Microsoft.EntityFrameworkCore.Database.Command] Executed DbCommand (5ms) [Parameters=[@__loginDto_UsernameOrEmail_0='ameh@mail.com' (Size = 100), @__loginDto_UsernameOrEmail_0_1='ameh@mail.com' (Size = 150)], CommandType='"Text"', CommandTimeout='30']
SELECT `u`.`UserId`, `u`.`CreatedAt`, `u`.`Email`, `u`.`IsActive`, `u`.`PasswordHash`, `u`.`PasswordSalt`, `u`.`Role`, `u`.`UpdatedAt`, `u`.`Username`
FROM `Users` AS `u`
WHERE (`u`.`Username` = @__loginDto_UsernameOrEmail_0) OR (`u`.`Email` = @__loginDto_UsernameOrEmail_0_1)
LIMIT 1
2025-05-02 15:20:30.276 +05:30 [INF] [StudentManagement.API.Controllers.AuthController] User logged in successfully: amnaik
2025-05-02 15:20:30.279 +05:30 [INF] [Serilog.AspNetCore.RequestLoggingMiddleware] HTTP POST /api/auth/login responded 200 in 13151.8303 ms
2025-05-02 15:20:41.217 +05:30 [INF] [Serilog.AspNetCore.RequestLoggingMiddleware] HTTP OPTIONS /api/schools/1/students responded 204 in 0.3136 ms
2025-05-02 15:20:41.217 +05:30 [INF] [Serilog.AspNetCore.RequestLoggingMiddleware] HTTP OPTIONS /api/schools/1/students responded 204 in 0.4064 ms
2025-05-02 15:20:41.289 +05:30 [INF] [StudentMgmt.Infrastructure.FileStorage.FileStorageService] Local Storage Base Path resolved to: D:\Projects\Core\StudentManagement\StudentManagement\src\StudentManagement.API\wwwroot\uploads\student-photos
2025-05-02 15:20:41.289 +05:30 [INF] [StudentMgmt.Infrastructure.FileStorage.FileStorageService] Local Storage Base Path resolved to: D:\Projects\Core\StudentManagement\StudentManagement\src\StudentManagement.API\wwwroot\uploads\student-photos
2025-05-02 15:20:43.207 +05:30 [INF] [StudentManagement.API.Controllers.StudentsController] Executing GetStudentsBySchool for School ID: 1
2025-05-02 15:20:44.616 +05:30 [INF] [StudentManagement.API.Controllers.StudentsController] Executing GetStudentsBySchool for School ID: 1
2025-05-02 15:20:50.094 +05:30 [INF] [StudentManagement.Application.Services.StudentService] Retrieving students for School ID: 1
2025-05-02 15:20:55.348 +05:30 [INF] [StudentManagement.Application.Services.StudentService] Retrieving students for School ID: 1
2025-05-02 15:20:55.375 +05:30 [INF] [Microsoft.EntityFrameworkCore.Database.Command] Executed DbCommand (14ms) [Parameters=[@__schoolId_0='1'], CommandType='"Text"', CommandTimeout='30']
SELECT `s`.`StudentId`, `s`.`CreatedAt`, `s`.`DateOfBirth`, `s`.`FirstName`, `s`.`IsActive`, `s`.`LastName`, `s`.`PhotoPath`, `s`.`SchoolId`, `s`.`StudentIdentifier`, `s`.`UpdatedAt`, `s0`.`SchoolId`, `s0`.`Address`, `s0`.`CreatedAt`, `s0`.`Name`, `s0`.`UpdatedAt`
FROM `Students` AS `s`
INNER JOIN `Schools` AS `s0` ON `s`.`SchoolId` = `s0`.`SchoolId`
WHERE `s`.`SchoolId` = @__schoolId_0
ORDER BY `s`.`LastName`, `s`.`FirstName`
2025-05-02 15:20:55.403 +05:30 [INF] [StudentManagement.Application.Services.StudentService] Retrieved 3 students for School ID: 1
2025-05-02 15:20:55.411 +05:30 [INF] [Serilog.AspNetCore.RequestLoggingMiddleware] HTTP GET /api/schools/1/students responded 200 in 14151.2154 ms
2025-05-02 15:20:55.434 +05:30 [INF] [Microsoft.EntityFrameworkCore.Database.Command] Executed DbCommand (4ms) [Parameters=[@__schoolId_0='1'], CommandType='"Text"', CommandTimeout='30']
SELECT `s`.`StudentId`, `s`.`CreatedAt`, `s`.`DateOfBirth`, `s`.`FirstName`, `s`.`IsActive`, `s`.`LastName`, `s`.`PhotoPath`, `s`.`SchoolId`, `s`.`StudentIdentifier`, `s`.`UpdatedAt`, `s0`.`SchoolId`, `s0`.`Address`, `s0`.`CreatedAt`, `s0`.`Name`, `s0`.`UpdatedAt`
FROM `Students` AS `s`
INNER JOIN `Schools` AS `s0` ON `s`.`SchoolId` = `s0`.`SchoolId`
WHERE `s`.`SchoolId` = @__schoolId_0
ORDER BY `s`.`LastName`, `s`.`FirstName`
2025-05-02 15:20:55.444 +05:30 [INF] [StudentManagement.Application.Services.StudentService] Retrieved 3 students for School ID: 1
2025-05-02 15:20:55.447 +05:30 [INF] [Serilog.AspNetCore.RequestLoggingMiddleware] HTTP GET /api/schools/1/students responded 200 in 14185.4037 ms
2025-05-02 15:34:25.253 +05:30 [INF] [Serilog.AspNetCore.RequestLoggingMiddleware] HTTP OPTIONS /api/schools/1/students responded 204 in 4.4960 ms
2025-05-02 15:34:25.253 +05:30 [INF] [Serilog.AspNetCore.RequestLoggingMiddleware] HTTP OPTIONS /api/schools/1/students responded 204 in 4.6158 ms
2025-05-02 15:34:25.334 +05:30 [INF] [StudentMgmt.Infrastructure.FileStorage.FileStorageService] Local Storage Base Path resolved to: D:\Projects\Core\StudentManagement\StudentManagement\src\StudentManagement.API\wwwroot\uploads\student-photos
2025-05-02 15:34:25.334 +05:30 [INF] [StudentMgmt.Infrastructure.FileStorage.FileStorageService] Local Storage Base Path resolved to: D:\Projects\Core\StudentManagement\StudentManagement\src\StudentManagement.API\wwwroot\uploads\student-photos
2025-05-02 15:34:28.911 +05:30 [INF] [StudentManagement.API.Controllers.StudentsController] Executing GetStudentsBySchool for School ID: 1
2025-05-02 15:34:28.911 +05:30 [INF] [StudentManagement.API.Controllers.StudentsController] Executing GetStudentsBySchool for School ID: 1
2025-05-02 15:34:31.991 +05:30 [INF] [StudentManagement.Application.Services.StudentService] Retrieving students for School ID: 1
2025-05-02 15:34:39.165 +05:30 [INF] [StudentManagement.Application.Services.StudentService] Retrieving students for School ID: 1
2025-05-02 15:34:39.207 +05:30 [INF] [Microsoft.EntityFrameworkCore.Database.Command] Executed DbCommand (2ms) [Parameters=[@__schoolId_0='1'], CommandType='"Text"', CommandTimeout='30']
SELECT `s`.`StudentId`, `s`.`CreatedAt`, `s`.`DateOfBirth`, `s`.`FirstName`, `s`.`IsActive`, `s`.`LastName`, `s`.`PhotoPath`, `s`.`SchoolId`, `s`.`StudentIdentifier`, `s`.`UpdatedAt`, `s0`.`SchoolId`, `s0`.`Address`, `s0`.`CreatedAt`, `s0`.`Name`, `s0`.`UpdatedAt`
FROM `Students` AS `s`
INNER JOIN `Schools` AS `s0` ON `s`.`SchoolId` = `s0`.`SchoolId`
WHERE `s`.`SchoolId` = @__schoolId_0
ORDER BY `s`.`LastName`, `s`.`FirstName`
2025-05-02 15:34:39.209 +05:30 [INF] [Microsoft.EntityFrameworkCore.Database.Command] Executed DbCommand (2ms) [Parameters=[@__schoolId_0='1'], CommandType='"Text"', CommandTimeout='30']
SELECT `s`.`StudentId`, `s`.`CreatedAt`, `s`.`DateOfBirth`, `s`.`FirstName`, `s`.`IsActive`, `s`.`LastName`, `s`.`PhotoPath`, `s`.`SchoolId`, `s`.`StudentIdentifier`, `s`.`UpdatedAt`, `s0`.`SchoolId`, `s0`.`Address`, `s0`.`CreatedAt`, `s0`.`Name`, `s0`.`UpdatedAt`
FROM `Students` AS `s`
INNER JOIN `Schools` AS `s0` ON `s`.`SchoolId` = `s0`.`SchoolId`
WHERE `s`.`SchoolId` = @__schoolId_0
ORDER BY `s`.`LastName`, `s`.`FirstName`
2025-05-02 15:34:39.210 +05:30 [INF] [StudentManagement.Application.Services.StudentService] Retrieved 3 students for School ID: 1
2025-05-02 15:34:39.212 +05:30 [INF] [StudentManagement.Application.Services.StudentService] Retrieved 3 students for School ID: 1
2025-05-02 15:34:39.214 +05:30 [INF] [Serilog.AspNetCore.RequestLoggingMiddleware] HTTP GET /api/schools/1/students responded 200 in 13911.7213 ms
2025-05-02 15:34:39.215 +05:30 [INF] [Serilog.AspNetCore.RequestLoggingMiddleware] HTTP GET /api/schools/1/students responded 200 in 13941.5982 ms
2025-05-02 15:34:42.928 +05:30 [INF] [Serilog.AspNetCore.RequestLoggingMiddleware] HTTP OPTIONS /api/schools/1/students responded 204 in 1.0977 ms
2025-05-02 15:34:42.930 +05:30 [INF] [Serilog.AspNetCore.RequestLoggingMiddleware] HTTP OPTIONS /api/schools/1/students responded 204 in 0.5304 ms
2025-05-02 15:34:42.990 +05:30 [INF] [StudentMgmt.Infrastructure.FileStorage.FileStorageService] Local Storage Base Path resolved to: D:\Projects\Core\StudentManagement\StudentManagement\src\StudentManagement.API\wwwroot\uploads\student-photos
2025-05-02 15:34:42.990 +05:30 [INF] [StudentMgmt.Infrastructure.FileStorage.FileStorageService] Local Storage Base Path resolved to: D:\Projects\Core\StudentManagement\StudentManagement\src\StudentManagement.API\wwwroot\uploads\student-photos
2025-05-02 15:34:44.587 +05:30 [INF] [StudentManagement.API.Controllers.StudentsController] Executing GetStudentsBySchool for School ID: 1
2025-05-02 15:34:45.589 +05:30 [INF] [StudentManagement.API.Controllers.StudentsController] Executing GetStudentsBySchool for School ID: 1
2025-05-02 15:34:49.316 +05:30 [INF] [StudentManagement.Application.Services.StudentService] Retrieving students for School ID: 1
2025-05-02 15:34:54.232 +05:30 [INF] [StudentManagement.Application.Services.StudentService] Retrieving students for School ID: 1
2025-05-02 15:34:54.247 +05:30 [INF] [Microsoft.EntityFrameworkCore.Database.Command] Executed DbCommand (4ms) [Parameters=[@__schoolId_0='1'], CommandType='"Text"', CommandTimeout='30']
SELECT `s`.`StudentId`, `s`.`CreatedAt`, `s`.`DateOfBirth`, `s`.`FirstName`, `s`.`IsActive`, `s`.`LastName`, `s`.`PhotoPath`, `s`.`SchoolId`, `s`.`StudentIdentifier`, `s`.`UpdatedAt`, `s0`.`SchoolId`, `s0`.`Address`, `s0`.`CreatedAt`, `s0`.`Name`, `s0`.`UpdatedAt`
FROM `Students` AS `s`
INNER JOIN `Schools` AS `s0` ON `s`.`SchoolId` = `s0`.`SchoolId`
WHERE `s`.`SchoolId` = @__schoolId_0
ORDER BY `s`.`LastName`, `s`.`FirstName`
2025-05-02 15:34:54.265 +05:30 [INF] [Microsoft.EntityFrameworkCore.Database.Command] Executed DbCommand (8ms) [Parameters=[@__schoolId_0='1'], CommandType='"Text"', CommandTimeout='30']
SELECT `s`.`StudentId`, `s`.`CreatedAt`, `s`.`DateOfBirth`, `s`.`FirstName`, `s`.`IsActive`, `s`.`LastName`, `s`.`PhotoPath`, `s`.`SchoolId`, `s`.`StudentIdentifier`, `s`.`UpdatedAt`, `s0`.`SchoolId`, `s0`.`Address`, `s0`.`CreatedAt`, `s0`.`Name`, `s0`.`UpdatedAt`
FROM `Students` AS `s`
INNER JOIN `Schools` AS `s0` ON `s`.`SchoolId` = `s0`.`SchoolId`
WHERE `s`.`SchoolId` = @__schoolId_0
ORDER BY `s`.`LastName`, `s`.`FirstName`
2025-05-02 15:34:54.271 +05:30 [INF] [StudentManagement.Application.Services.StudentService] Retrieved 3 students for School ID: 1
2025-05-02 15:34:54.280 +05:30 [INF] [StudentManagement.Application.Services.StudentService] Retrieved 3 students for School ID: 1
2025-05-02 15:34:54.285 +05:30 [INF] [Serilog.AspNetCore.RequestLoggingMiddleware] HTTP GET /api/schools/1/students responded 200 in 11324.1510 ms
2025-05-02 15:34:54.289 +05:30 [INF] [Serilog.AspNetCore.RequestLoggingMiddleware] HTTP GET /api/schools/1/students responded 200 in 11337.8804 ms
2025-05-02 15:35:09.644 +05:30 [INF] [Serilog.AspNetCore.RequestLoggingMiddleware] HTTP OPTIONS /api/schools/1/students responded 204 in 0.2654 ms
2025-05-02 15:35:09.646 +05:30 [INF] [Serilog.AspNetCore.RequestLoggingMiddleware] HTTP OPTIONS /api/schools/1/students responded 204 in 0.1422 ms
2025-05-02 15:35:09.696 +05:30 [INF] [StudentMgmt.Infrastructure.FileStorage.FileStorageService] Local Storage Base Path resolved to: D:\Projects\Core\StudentManagement\StudentManagement\src\StudentManagement.API\wwwroot\uploads\student-photos
2025-05-02 15:35:09.698 +05:30 [INF] [StudentMgmt.Infrastructure.FileStorage.FileStorageService] Local Storage Base Path resolved to: D:\Projects\Core\StudentManagement\StudentManagement\src\StudentManagement.API\wwwroot\uploads\student-photos
2025-05-02 15:35:11.283 +05:30 [INF] [StudentManagement.API.Controllers.StudentsController] Executing GetStudentsBySchool for School ID: 1
2025-05-02 15:35:12.656 +05:30 [INF] [StudentManagement.API.Controllers.StudentsController] Executing GetStudentsBySchool for School ID: 1
2025-05-02 15:35:16.024 +05:30 [INF] [StudentManagement.Application.Services.StudentService] Retrieving students for School ID: 1
2025-05-02 15:35:20.636 +05:30 [INF] [StudentManagement.Application.Services.StudentService] Retrieving students for School ID: 1
2025-05-02 15:35:20.651 +05:30 [INF] [Microsoft.EntityFrameworkCore.Database.Command] Executed DbCommand (6ms) [Parameters=[@__schoolId_0='1'], CommandType='"Text"', CommandTimeout='30']
SELECT `s`.`StudentId`, `s`.`CreatedAt`, `s`.`DateOfBirth`, `s`.`FirstName`, `s`.`IsActive`, `s`.`LastName`, `s`.`PhotoPath`, `s`.`SchoolId`, `s`.`StudentIdentifier`, `s`.`UpdatedAt`, `s0`.`SchoolId`, `s0`.`Address`, `s0`.`CreatedAt`, `s0`.`Name`, `s0`.`UpdatedAt`
FROM `Students` AS `s`
INNER JOIN `Schools` AS `s0` ON `s`.`SchoolId` = `s0`.`SchoolId`
WHERE `s`.`SchoolId` = @__schoolId_0
ORDER BY `s`.`LastName`, `s`.`FirstName`
2025-05-02 15:35:20.656 +05:30 [INF] [Microsoft.EntityFrameworkCore.Database.Command] Executed DbCommand (7ms) [Parameters=[@__schoolId_0='1'], CommandType='"Text"', CommandTimeout='30']
SELECT `s`.`StudentId`, `s`.`CreatedAt`, `s`.`DateOfBirth`, `s`.`FirstName`, `s`.`IsActive`, `s`.`LastName`, `s`.`PhotoPath`, `s`.`SchoolId`, `s`.`StudentIdentifier`, `s`.`UpdatedAt`, `s0`.`SchoolId`, `s0`.`Address`, `s0`.`CreatedAt`, `s0`.`Name`, `s0`.`UpdatedAt`
FROM `Students` AS `s`
INNER JOIN `Schools` AS `s0` ON `s`.`SchoolId` = `s0`.`SchoolId`
WHERE `s`.`SchoolId` = @__schoolId_0
ORDER BY `s`.`LastName`, `s`.`FirstName`
2025-05-02 15:35:20.685 +05:30 [INF] [StudentManagement.Application.Services.StudentService] Retrieved 3 students for School ID: 1
2025-05-02 15:35:20.697 +05:30 [INF] [StudentManagement.Application.Services.StudentService] Retrieved 3 students for School ID: 1
2025-05-02 15:35:20.705 +05:30 [INF] [Serilog.AspNetCore.RequestLoggingMiddleware] HTTP GET /api/schools/1/students responded 200 in 11037.1980 ms
2025-05-02 15:35:20.709 +05:30 [INF] [Serilog.AspNetCore.RequestLoggingMiddleware] HTTP GET /api/schools/1/students responded 200 in 11037.7790 ms
2025-05-02 15:35:53.534 +05:30 [INF] [Serilog.AspNetCore.RequestLoggingMiddleware] HTTP OPTIONS /api/schools/1/students responded 204 in 0.2121 ms
2025-05-02 15:35:53.534 +05:30 [INF] [Serilog.AspNetCore.RequestLoggingMiddleware] HTTP OPTIONS /api/schools/1/students responded 204 in 0.0751 ms
2025-05-02 15:35:53.573 +05:30 [INF] [StudentMgmt.Infrastructure.FileStorage.FileStorageService] Local Storage Base Path resolved to: D:\Projects\Core\StudentManagement\StudentManagement\src\StudentManagement.API\wwwroot\uploads\student-photos
2025-05-02 15:35:53.574 +05:30 [INF] [StudentMgmt.Infrastructure.FileStorage.FileStorageService] Local Storage Base Path resolved to: D:\Projects\Core\StudentManagement\StudentManagement\src\StudentManagement.API\wwwroot\uploads\student-photos
2025-05-02 15:37:24.750 +05:30 [INF] [StudentManagement.API.Controllers.StudentsController] Executing GetStudentsBySchool for School ID: 1
2025-05-02 15:37:26.114 +05:30 [INF] [StudentManagement.API.Controllers.StudentsController] Executing GetStudentsBySchool for School ID: 1
2025-05-02 15:37:29.390 +05:30 [INF] [StudentManagement.Application.Services.StudentService] Retrieving students for School ID: 1
2025-05-02 15:37:33.516 +05:30 [INF] [StudentManagement.Application.Services.StudentService] Retrieving students for School ID: 1
2025-05-02 15:37:33.587 +05:30 [INF] [Microsoft.EntityFrameworkCore.Database.Command] Executed DbCommand (14ms) [Parameters=[@__schoolId_0='1'], CommandType='"Text"', CommandTimeout='30']
SELECT `s`.`StudentId`, `s`.`CreatedAt`, `s`.`DateOfBirth`, `s`.`FirstName`, `s`.`IsActive`, `s`.`LastName`, `s`.`PhotoPath`, `s`.`SchoolId`, `s`.`StudentIdentifier`, `s`.`UpdatedAt`, `s0`.`SchoolId`, `s0`.`Address`, `s0`.`CreatedAt`, `s0`.`Name`, `s0`.`UpdatedAt`
FROM `Students` AS `s`
INNER JOIN `Schools` AS `s0` ON `s`.`SchoolId` = `s0`.`SchoolId`
WHERE `s`.`SchoolId` = @__schoolId_0
ORDER BY `s`.`LastName`, `s`.`FirstName`
2025-05-02 15:37:33.590 +05:30 [INF] [Microsoft.EntityFrameworkCore.Database.Command] Executed DbCommand (8ms) [Parameters=[@__schoolId_0='1'], CommandType='"Text"', CommandTimeout='30']
SELECT `s`.`StudentId`, `s`.`CreatedAt`, `s`.`DateOfBirth`, `s`.`FirstName`, `s`.`IsActive`, `s`.`LastName`, `s`.`PhotoPath`, `s`.`SchoolId`, `s`.`StudentIdentifier`, `s`.`UpdatedAt`, `s0`.`SchoolId`, `s0`.`Address`, `s0`.`CreatedAt`, `s0`.`Name`, `s0`.`UpdatedAt`
FROM `Students` AS `s`
INNER JOIN `Schools` AS `s0` ON `s`.`SchoolId` = `s0`.`SchoolId`
WHERE `s`.`SchoolId` = @__schoolId_0
ORDER BY `s`.`LastName`, `s`.`FirstName`
2025-05-02 15:37:33.606 +05:30 [INF] [Serilog.AspNetCore.RequestLoggingMiddleware] HTTP OPTIONS /api/schools/1/students responded 204 in 0.1807 ms
2025-05-02 15:37:33.601 +05:30 [INF] [Serilog.AspNetCore.RequestLoggingMiddleware] HTTP OPTIONS /api/schools/1/students responded 204 in 0.1378 ms
2025-05-02 15:37:33.633 +05:30 [INF] [StudentManagement.Application.Services.StudentService] Retrieved 3 students for School ID: 1
2025-05-02 15:37:33.610 +05:30 [INF] [StudentManagement.Application.Services.StudentService] Retrieved 3 students for School ID: 1
2025-05-02 15:37:33.666 +05:30 [INF] [Serilog.AspNetCore.RequestLoggingMiddleware] HTTP GET /api/schools/1/students responded 200 in 100113.2695 ms
2025-05-02 15:37:33.666 +05:30 [INF] [Serilog.AspNetCore.RequestLoggingMiddleware] HTTP GET /api/schools/1/students responded 200 in 100110.4905 ms
2025-05-02 15:37:33.675 +05:30 [INF] [StudentMgmt.Infrastructure.FileStorage.FileStorageService] Local Storage Base Path resolved to: D:\Projects\Core\StudentManagement\StudentManagement\src\StudentManagement.API\wwwroot\uploads\student-photos
2025-05-02 15:37:33.684 +05:30 [INF] [StudentMgmt.Infrastructure.FileStorage.FileStorageService] Local Storage Base Path resolved to: D:\Projects\Core\StudentManagement\StudentManagement\src\StudentManagement.API\wwwroot\uploads\student-photos
2025-05-02 15:37:35.206 +05:30 [INF] [StudentManagement.API.Controllers.StudentsController] Executing GetStudentsBySchool for School ID: 1
2025-05-02 15:37:36.860 +05:30 [INF] [StudentManagement.API.Controllers.StudentsController] Executing GetStudentsBySchool for School ID: 1
2025-05-02 15:37:39.786 +05:30 [INF] [StudentManagement.Application.Services.StudentService] Retrieving students for School ID: 1
2025-05-02 15:37:43.739 +05:30 [INF] [StudentManagement.Application.Services.StudentService] Retrieving students for School ID: 1
2025-05-02 15:37:43.769 +05:30 [INF] [Microsoft.EntityFrameworkCore.Database.Command] Executed DbCommand (18ms) [Parameters=[@__schoolId_0='1'], CommandType='"Text"', CommandTimeout='30']
SELECT `s`.`StudentId`, `s`.`CreatedAt`, `s`.`DateOfBirth`, `s`.`FirstName`, `s`.`IsActive`, `s`.`LastName`, `s`.`PhotoPath`, `s`.`SchoolId`, `s`.`StudentIdentifier`, `s`.`UpdatedAt`, `s0`.`SchoolId`, `s0`.`Address`, `s0`.`CreatedAt`, `s0`.`Name`, `s0`.`UpdatedAt`
FROM `Students` AS `s`
INNER JOIN `Schools` AS `s0` ON `s`.`SchoolId` = `s0`.`SchoolId`
WHERE `s`.`SchoolId` = @__schoolId_0
ORDER BY `s`.`LastName`, `s`.`FirstName`
2025-05-02 15:37:43.781 +05:30 [INF] [Microsoft.EntityFrameworkCore.Database.Command] Executed DbCommand (9ms) [Parameters=[@__schoolId_0='1'], CommandType='"Text"', CommandTimeout='30']
SELECT `s`.`StudentId`, `s`.`CreatedAt`, `s`.`DateOfBirth`, `s`.`FirstName`, `s`.`IsActive`, `s`.`LastName`, `s`.`PhotoPath`, `s`.`SchoolId`, `s`.`StudentIdentifier`, `s`.`UpdatedAt`, `s0`.`SchoolId`, `s0`.`Address`, `s0`.`CreatedAt`, `s0`.`Name`, `s0`.`UpdatedAt`
FROM `Students` AS `s`
INNER JOIN `Schools` AS `s0` ON `s`.`SchoolId` = `s0`.`SchoolId`
WHERE `s`.`SchoolId` = @__schoolId_0
ORDER BY `s`.`LastName`, `s`.`FirstName`
2025-05-02 15:37:43.793 +05:30 [INF] [StudentManagement.Application.Services.StudentService] Retrieved 3 students for School ID: 1
2025-05-02 15:37:43.810 +05:30 [INF] [StudentManagement.Application.Services.StudentService] Retrieved 3 students for School ID: 1
2025-05-02 15:37:43.815 +05:30 [INF] [Serilog.AspNetCore.RequestLoggingMiddleware] HTTP GET /api/schools/1/students responded 200 in 10170.3183 ms
2025-05-02 15:37:43.820 +05:30 [INF] [Serilog.AspNetCore.RequestLoggingMiddleware] HTTP GET /api/schools/1/students responded 200 in 10167.4373 ms
2025-05-02 15:39:33.641 +05:30 [INF] [Serilog.AspNetCore.RequestLoggingMiddleware] HTTP OPTIONS /api/schools/1/students/export responded 204 in 0.9373 ms
2025-05-02 15:39:33.708 +05:30 [INF] [StudentMgmt.Infrastructure.FileStorage.FileStorageService] Local Storage Base Path resolved to: D:\Projects\Core\StudentManagement\StudentManagement\src\StudentManagement.API\wwwroot\uploads\student-photos
2025-05-02 15:39:33.717 +05:30 [INF] [StudentManagement.API.Controllers.StudentsController] Executing ExportStudents for School ID: 1
2025-05-02 15:39:35.919 +05:30 [INF] [StudentManagement.Application.Services.StudentService] Generating Excel export for School ID: 1
2025-05-02 15:39:35.924 +05:30 [INF] [StudentManagement.Application.Services.StudentService] Retrieving students for School ID: 1
2025-05-02 15:39:35.950 +05:30 [INF] [Microsoft.EntityFrameworkCore.Database.Command] Executed DbCommand (8ms) [Parameters=[@__schoolId_0='1'], CommandType='"Text"', CommandTimeout='30']
SELECT `s`.`StudentId`, `s`.`CreatedAt`, `s`.`DateOfBirth`, `s`.`FirstName`, `s`.`IsActive`, `s`.`LastName`, `s`.`PhotoPath`, `s`.`SchoolId`, `s`.`StudentIdentifier`, `s`.`UpdatedAt`, `s0`.`SchoolId`, `s0`.`Address`, `s0`.`CreatedAt`, `s0`.`Name`, `s0`.`UpdatedAt`
FROM `Students` AS `s`
INNER JOIN `Schools` AS `s0` ON `s`.`SchoolId` = `s0`.`SchoolId`
WHERE `s`.`SchoolId` = @__schoolId_0
ORDER BY `s`.`LastName`, `s`.`FirstName`
2025-05-02 15:39:35.975 +05:30 [INF] [StudentManagement.Application.Services.StudentService] Retrieved 3 students for School ID: 1
2025-05-02 15:39:36.128 +05:30 [INF] [StudentMgmt.Infrastructure.FileProcessing.ExcelService] Generating Excel export for VmStudentSummary data.
2025-05-02 15:39:39.124 +05:30 [INF] [StudentMgmt.Infrastructure.FileProcessing.ExcelService] Excel export generated successfully.
2025-05-02 15:39:39.158 +05:30 [INF] [Serilog.AspNetCore.RequestLoggingMiddleware] HTTP GET /api/schools/1/students/export responded 200 in 5493.7589 ms
2025-05-02 15:54:11.614 +05:30 [INF] [Serilog.AspNetCore.RequestLoggingMiddleware] HTTP OPTIONS /api/schools/1/students responded 204 in 0.5736 ms
2025-05-02 15:54:11.614 +05:30 [INF] [Serilog.AspNetCore.RequestLoggingMiddleware] HTTP OPTIONS /api/schools/1/students responded 204 in 0.1710 ms
2025-05-02 15:54:11.688 +05:30 [INF] [StudentMgmt.Infrastructure.FileStorage.FileStorageService] Local Storage Base Path resolved to: D:\Projects\Core\StudentManagement\StudentManagement\src\StudentManagement.API\wwwroot\uploads\student-photos
2025-05-02 15:54:13.897 +05:30 [INF] [StudentManagement.API.Controllers.StudentsController] Executing GetStudentsBySchool for School ID: 1
2025-05-02 15:54:13.898 +05:30 [INF] [StudentMgmt.Infrastructure.FileStorage.FileStorageService] Local Storage Base Path resolved to: D:\Projects\Core\StudentManagement\StudentManagement\src\StudentManagement.API\wwwroot\uploads\student-photos
2025-05-02 15:54:18.425 +05:30 [INF] [StudentManagement.Application.Services.StudentService] Retrieving students for School ID: 1
2025-05-02 15:54:20.192 +05:30 [INF] [StudentManagement.API.Controllers.StudentsController] Executing GetStudentsBySchool for School ID: 1
2025-05-02 15:54:24.290 +05:30 [INF] [StudentManagement.Application.Services.StudentService] Retrieving students for School ID: 1
2025-05-02 15:54:24.330 +05:30 [INF] [Microsoft.EntityFrameworkCore.Database.Command] Executed DbCommand (4ms) [Parameters=[@__schoolId_0='1'], CommandType='"Text"', CommandTimeout='30']
SELECT `s`.`StudentId`, `s`.`CreatedAt`, `s`.`DateOfBirth`, `s`.`FirstName`, `s`.`IsActive`, `s`.`LastName`, `s`.`PhotoPath`, `s`.`SchoolId`, `s`.`StudentIdentifier`, `s`.`UpdatedAt`, `s0`.`SchoolId`, `s0`.`Address`, `s0`.`CreatedAt`, `s0`.`Name`, `s0`.`UpdatedAt`
FROM `Students` AS `s`
INNER JOIN `Schools` AS `s0` ON `s`.`SchoolId` = `s0`.`SchoolId`
WHERE `s`.`SchoolId` = @__schoolId_0
ORDER BY `s`.`LastName`, `s`.`FirstName`
2025-05-02 15:54:24.344 +05:30 [INF] [Microsoft.EntityFrameworkCore.Database.Command] Executed DbCommand (4ms) [Parameters=[@__schoolId_0='1'], CommandType='"Text"', CommandTimeout='30']
SELECT `s`.`StudentId`, `s`.`CreatedAt`, `s`.`DateOfBirth`, `s`.`FirstName`, `s`.`IsActive`, `s`.`LastName`, `s`.`PhotoPath`, `s`.`SchoolId`, `s`.`StudentIdentifier`, `s`.`UpdatedAt`, `s0`.`SchoolId`, `s0`.`Address`, `s0`.`CreatedAt`, `s0`.`Name`, `s0`.`UpdatedAt`
FROM `Students` AS `s`
INNER JOIN `Schools` AS `s0` ON `s`.`SchoolId` = `s0`.`SchoolId`
WHERE `s`.`SchoolId` = @__schoolId_0
ORDER BY `s`.`LastName`, `s`.`FirstName`
2025-05-02 15:54:24.344 +05:30 [INF] [StudentManagement.Application.Services.StudentService] Retrieved 3 students for School ID: 1
2025-05-02 15:54:24.358 +05:30 [INF] [StudentManagement.Application.Services.StudentService] Retrieved 3 students for School ID: 1
2025-05-02 15:54:24.364 +05:30 [INF] [Serilog.AspNetCore.RequestLoggingMiddleware] HTTP GET /api/schools/1/students responded 200 in 12713.6202 ms
2025-05-02 15:54:24.368 +05:30 [INF] [Serilog.AspNetCore.RequestLoggingMiddleware] HTTP GET /api/schools/1/students responded 200 in 12700.9694 ms
2025-05-02 18:44:52.787 +05:30 [INF] [Serilog.AspNetCore.RequestLoggingMiddleware] HTTP OPTIONS /api/schools/1/students responded 204 in 27.3147 ms
2025-05-02 18:44:52.787 +05:30 [INF] [Serilog.AspNetCore.RequestLoggingMiddleware] HTTP OPTIONS /api/schools/1/students responded 204 in 27.3146 ms
2025-05-02 18:44:52.924 +05:30 [INF] [Serilog.AspNetCore.RequestLoggingMiddleware] HTTP GET /api/schools/1/students responded 401 in 105.5000 ms
2025-05-02 18:44:52.924 +05:30 [INF] [Serilog.AspNetCore.RequestLoggingMiddleware] HTTP GET /api/schools/1/students responded 401 in 108.3555 ms
2025-05-02 18:45:06.723 +05:30 [INF] [Serilog.AspNetCore.RequestLoggingMiddleware] HTTP OPTIONS /api/auth/login responded 204 in 1.3317 ms
2025-05-02 18:45:12.459 +05:30 [INF] [Microsoft.EntityFrameworkCore.Database.Command] Executed DbCommand (48ms) [Parameters=[@__loginDto_UsernameOrEmail_0='ameh@mail.com' (Size = 100), @__loginDto_UsernameOrEmail_0_1='ameh@mail.com' (Size = 150)], CommandType='"Text"', CommandTimeout='30']
SELECT `u`.`UserId`, `u`.`CreatedAt`, `u`.`Email`, `u`.`IsActive`, `u`.`PasswordHash`, `u`.`PasswordSalt`, `u`.`Role`, `u`.`UpdatedAt`, `u`.`Username`
FROM `Users` AS `u`
WHERE (`u`.`Username` = @__loginDto_UsernameOrEmail_0) OR (`u`.`Email` = @__loginDto_UsernameOrEmail_0_1)
LIMIT 1
2025-05-02 18:45:25.060 +05:30 [INF] [StudentManagement.API.Controllers.AuthController] User logged in successfully: amnaik
2025-05-02 18:45:25.069 +05:30 [INF] [Serilog.AspNetCore.RequestLoggingMiddleware] HTTP POST /api/auth/login responded 200 in 18330.3150 ms
2025-05-02 18:45:32.691 +05:30 [INF] [Serilog.AspNetCore.RequestLoggingMiddleware] HTTP OPTIONS /api/schools/1/students responded 204 in 0.8659 ms
2025-05-02 18:45:32.692 +05:30 [INF] [Serilog.AspNetCore.RequestLoggingMiddleware] HTTP OPTIONS /api/schools/1/students responded 204 in 0.4299 ms
2025-05-02 18:45:32.742 +05:30 [INF] [StudentMgmt.Infrastructure.FileStorage.FileStorageService] Local Storage Base Path resolved to: D:\Projects\Core\StudentManagement\StudentManagement\src\StudentManagement.API\wwwroot\uploads\student-photos
2025-05-02 18:45:32.742 +05:30 [INF] [StudentMgmt.Infrastructure.FileStorage.FileStorageService] Local Storage Base Path resolved to: D:\Projects\Core\StudentManagement\StudentManagement\src\StudentManagement.API\wwwroot\uploads\student-photos
2025-05-02 18:45:40.710 +05:30 [INF] [StudentManagement.API.Controllers.StudentsController] Executing GetStudentsBySchool for School ID: 1
2025-05-02 18:45:40.724 +05:30 [INF] [StudentManagement.API.Controllers.StudentsController] Executing GetStudentsBySchool for School ID: 1
2025-05-02 18:45:44.238 +05:30 [INF] [StudentManagement.Application.Services.StudentService] Retrieving students for School ID: 1
2025-05-02 18:45:48.692 +05:30 [INF] [StudentManagement.Application.Services.StudentService] Retrieving students for School ID: 1
2025-05-02 18:45:48.710 +05:30 [INF] [Microsoft.EntityFrameworkCore.Database.Command] Executed DbCommand (11ms) [Parameters=[@__schoolId_0='1'], CommandType='"Text"', CommandTimeout='30']
SELECT `s`.`StudentId`, `s`.`CreatedAt`, `s`.`DateOfBirth`, `s`.`FirstName`, `s`.`IsActive`, `s`.`LastName`, `s`.`PhotoPath`, `s`.`SchoolId`, `s`.`StudentIdentifier`, `s`.`UpdatedAt`, `s0`.`SchoolId`, `s0`.`Address`, `s0`.`CreatedAt`, `s0`.`Name`, `s0`.`UpdatedAt`
FROM `Students` AS `s`
INNER JOIN `Schools` AS `s0` ON `s`.`SchoolId` = `s0`.`SchoolId`
WHERE `s`.`SchoolId` = @__schoolId_0
ORDER BY `s`.`LastName`, `s`.`FirstName`
2025-05-02 18:45:48.716 +05:30 [INF] [StudentManagement.Application.Services.StudentService] Retrieved 3 students for School ID: 1
2025-05-02 18:45:48.720 +05:30 [INF] [Serilog.AspNetCore.RequestLoggingMiddleware] HTTP GET /api/schools/1/students responded 200 in 16011.3813 ms
2025-05-02 18:45:48.722 +05:30 [INF] [Microsoft.EntityFrameworkCore.Database.Command] Executed DbCommand (4ms) [Parameters=[@__schoolId_0='1'], CommandType='"Text"', CommandTimeout='30']
SELECT `s`.`StudentId`, `s`.`CreatedAt`, `s`.`DateOfBirth`, `s`.`FirstName`, `s`.`IsActive`, `s`.`LastName`, `s`.`PhotoPath`, `s`.`SchoolId`, `s`.`StudentIdentifier`, `s`.`UpdatedAt`, `s0`.`SchoolId`, `s0`.`Address`, `s0`.`CreatedAt`, `s0`.`Name`, `s0`.`UpdatedAt`
FROM `Students` AS `s`
INNER JOIN `Schools` AS `s0` ON `s`.`SchoolId` = `s0`.`SchoolId`
WHERE `s`.`SchoolId` = @__schoolId_0
ORDER BY `s`.`LastName`, `s`.`FirstName`
2025-05-02 18:45:48.726 +05:30 [INF] [StudentManagement.Application.Services.StudentService] Retrieved 3 students for School ID: 1
2025-05-02 18:45:48.728 +05:30 [INF] [Serilog.AspNetCore.RequestLoggingMiddleware] HTTP GET /api/schools/1/students responded 200 in 16010.8822 ms
2025-05-02 19:01:58.626 +05:30 [INF] [Serilog.AspNetCore.RequestLoggingMiddleware] HTTP OPTIONS /api/schools/1/students responded 204 in 0.1514 ms
2025-05-02 19:01:58.685 +05:30 [INF] [StudentMgmt.Infrastructure.FileStorage.FileStorageService] Local Storage Base Path resolved to: D:\Projects\Core\StudentManagement\StudentManagement\src\StudentManagement.API\wwwroot\uploads\student-photos
2025-05-02 19:02:01.257 +05:30 [INF] [StudentManagement.API.Controllers.StudentsController] Executing GetStudentsBySchool for School ID: 1
2025-05-02 19:02:07.953 +05:30 [INF] [StudentManagement.Application.Services.StudentService] Retrieving students for School ID: 1
2025-05-02 19:02:08.009 +05:30 [INF] [Microsoft.EntityFrameworkCore.Database.Command] Executed DbCommand (8ms) [Parameters=[@__schoolId_0='1'], CommandType='"Text"', CommandTimeout='30']
SELECT `s`.`StudentId`, `s`.`CreatedAt`, `s`.`DateOfBirth`, `s`.`FirstName`, `s`.`IsActive`, `s`.`LastName`, `s`.`PhotoPath`, `s`.`SchoolId`, `s`.`StudentIdentifier`, `s`.`UpdatedAt`, `s0`.`SchoolId`, `s0`.`Address`, `s0`.`CreatedAt`, `s0`.`Name`, `s0`.`UpdatedAt`
FROM `Students` AS `s`
INNER JOIN `Schools` AS `s0` ON `s`.`SchoolId` = `s0`.`SchoolId`
WHERE `s`.`SchoolId` = @__schoolId_0
ORDER BY `s`.`LastName`, `s`.`FirstName`
2025-05-02 19:02:08.017 +05:30 [INF] [StudentManagement.Application.Services.StudentService] Retrieved 3 students for School ID: 1
2025-05-02 19:02:08.029 +05:30 [INF] [Serilog.AspNetCore.RequestLoggingMiddleware] HTTP GET /api/schools/1/students responded 200 in 9396.4586 ms
2025-05-02 19:02:08.035 +05:30 [INF] [Serilog.AspNetCore.RequestLoggingMiddleware] HTTP OPTIONS /api/schools/1/students responded 204 in 0.5748 ms
2025-05-02 19:02:08.062 +05:30 [INF] [StudentMgmt.Infrastructure.FileStorage.FileStorageService] Local Storage Base Path resolved to: D:\Projects\Core\StudentManagement\StudentManagement\src\StudentManagement.API\wwwroot\uploads\student-photos
2025-05-02 19:02:13.210 +05:30 [INF] [StudentManagement.API.Controllers.StudentsController] Executing GetStudentsBySchool for School ID: 1
2025-05-02 19:02:18.569 +05:30 [INF] [StudentManagement.Application.Services.StudentService] Retrieving students for School ID: 1
2025-05-02 19:02:18.578 +05:30 [INF] [Microsoft.EntityFrameworkCore.Database.Command] Executed DbCommand (3ms) [Parameters=[@__schoolId_0='1'], CommandType='"Text"', CommandTimeout='30']
SELECT `s`.`StudentId`, `s`.`CreatedAt`, `s`.`DateOfBirth`, `s`.`FirstName`, `s`.`IsActive`, `s`.`LastName`, `s`.`PhotoPath`, `s`.`SchoolId`, `s`.`StudentIdentifier`, `s`.`UpdatedAt`, `s0`.`SchoolId`, `s0`.`Address`, `s0`.`CreatedAt`, `s0`.`Name`, `s0`.`UpdatedAt`
FROM `Students` AS `s`
INNER JOIN `Schools` AS `s0` ON `s`.`SchoolId` = `s0`.`SchoolId`
WHERE `s`.`SchoolId` = @__schoolId_0
ORDER BY `s`.`LastName`, `s`.`FirstName`
2025-05-02 19:02:18.582 +05:30 [INF] [StudentManagement.Application.Services.StudentService] Retrieved 3 students for School ID: 1
2025-05-02 19:02:18.586 +05:30 [INF] [Serilog.AspNetCore.RequestLoggingMiddleware] HTTP GET /api/schools/1/students responded 200 in 10541.2540 ms
2025-05-02 19:04:36.639 +05:30 [INF] [Serilog.AspNetCore.RequestLoggingMiddleware] HTTP OPTIONS /api/schools/1/students responded 204 in 0.2655 ms
2025-05-02 19:04:36.639 +05:30 [INF] [Serilog.AspNetCore.RequestLoggingMiddleware] HTTP OPTIONS /api/schools/1/students responded 204 in 0.0824 ms
2025-05-02 19:04:36.717 +05:30 [INF] [StudentMgmt.Infrastructure.FileStorage.FileStorageService] Local Storage Base Path resolved to: D:\Projects\Core\StudentManagement\StudentManagement\src\StudentManagement.API\wwwroot\uploads\student-photos
2025-05-02 19:04:36.717 +05:30 [INF] [StudentMgmt.Infrastructure.FileStorage.FileStorageService] Local Storage Base Path resolved to: D:\Projects\Core\StudentManagement\StudentManagement\src\StudentManagement.API\wwwroot\uploads\student-photos
2025-05-02 19:04:41.742 +05:30 [INF] [StudentManagement.API.Controllers.StudentsController] Executing GetStudentsBySchool for School ID: 1
2025-05-02 19:04:41.742 +05:30 [INF] [StudentManagement.API.Controllers.StudentsController] Executing GetStudentsBySchool for School ID: 1
2025-05-02 19:04:46.542 +05:30 [INF] [StudentManagement.Application.Services.StudentService] Retrieving students for School ID: 1
2025-05-02 19:04:50.591 +05:30 [INF] [StudentManagement.Application.Services.StudentService] Retrieving students for School ID: 1
2025-05-02 19:04:50.636 +05:30 [INF] [Microsoft.EntityFrameworkCore.Database.Command] Executed DbCommand (10ms) [Parameters=[@__schoolId_0='1'], CommandType='"Text"', CommandTimeout='30']
SELECT `s`.`StudentId`, `s`.`CreatedAt`, `s`.`DateOfBirth`, `s`.`FirstName`, `s`.`IsActive`, `s`.`LastName`, `s`.`PhotoPath`, `s`.`SchoolId`, `s`.`StudentIdentifier`, `s`.`UpdatedAt`, `s0`.`SchoolId`, `s0`.`Address`, `s0`.`CreatedAt`, `s0`.`Name`, `s0`.`UpdatedAt`
FROM `Students` AS `s`
INNER JOIN `Schools` AS `s0` ON `s`.`SchoolId` = `s0`.`SchoolId`
WHERE `s`.`SchoolId` = @__schoolId_0
ORDER BY `s`.`LastName`, `s`.`FirstName`
2025-05-02 19:04:50.640 +05:30 [INF] [StudentManagement.Application.Services.StudentService] Retrieved 3 students for School ID: 1
2025-05-02 19:04:50.645 +05:30 [INF] [Serilog.AspNetCore.RequestLoggingMiddleware] HTTP GET /api/schools/1/students responded 200 in 13952.7185 ms
2025-05-02 19:04:50.645 +05:30 [INF] [Microsoft.EntityFrameworkCore.Database.Command] Executed DbCommand (2ms) [Parameters=[@__schoolId_0='1'], CommandType='"Text"', CommandTimeout='30']
SELECT `s`.`StudentId`, `s`.`CreatedAt`, `s`.`DateOfBirth`, `s`.`FirstName`, `s`.`IsActive`, `s`.`LastName`, `s`.`PhotoPath`, `s`.`SchoolId`, `s`.`StudentIdentifier`, `s`.`UpdatedAt`, `s0`.`SchoolId`, `s0`.`Address`, `s0`.`CreatedAt`, `s0`.`Name`, `s0`.`UpdatedAt`
FROM `Students` AS `s`
INNER JOIN `Schools` AS `s0` ON `s`.`SchoolId` = `s0`.`SchoolId`
WHERE `s`.`SchoolId` = @__schoolId_0
ORDER BY `s`.`LastName`, `s`.`FirstName`
2025-05-02 19:04:50.651 +05:30 [INF] [StudentManagement.Application.Services.StudentService] Retrieved 3 students for School ID: 1
2025-05-02 19:04:50.654 +05:30 [INF] [Serilog.AspNetCore.RequestLoggingMiddleware] HTTP GET /api/schools/1/students responded 200 in 13982.8282 ms
